The system is: Linux - 3.4.0+ - x86_64
Compiling the C compiler identification source file "CMakeCCompilerId.c" succeeded.
Compiler: /usr/bin/cc 
Build flags: 
Id flags: 

The output was:
0


Compilation of the C compiler identification source "CMakeCCompilerId.c" produced "a.out"

The C compiler identification is GNU, found in "/mnt/c/Users/JOBZ/Desktop/Work/GAPrac/EXER/CPP_PRAC/MICRO_PROJECTS/NETWORKING_SERIES/SRC_FS_MERGE/EXT_LIBS/zlib/bin/CMakeFiles/2.8.12.2/CompilerIdC/a.out"

Determining if the C compiler works passed with the following output:
Change Dir: /mnt/c/Users/JOBZ/Desktop/Work/GAPrac/EXER/CPP_PRAC/MICRO_PROJECTS/NETWORKING_SERIES/SRC_FS_MERGE/EXT_LIBS/zlib/bin/CMakeFiles/CMakeTmp

Run Build Command:/usr/bin/make "cmTryCompileExec3764843776/fast"
/usr/bin/make -f CMakeFiles/cmTryCompileExec3764843776.dir/build.make CMakeFiles/cmTryCompileExec3764843776.dir/build
make[1]: Entering directory `/mnt/c/Users/JOBZ/Desktop/Work/GAPrac/EXER/CPP_PRAC/MICRO_PROJECTS/NETWORKING_SERIES/SRC_FS_MERGE/EXT_LIBS/zlib/bin/CMakeFiles/CMakeTmp'
/usr/bin/cmake -E cmake_progress_report /mnt/c/Users/JOBZ/Desktop/Work/GAPrac/EXER/CPP_PRAC/MICRO_PROJECTS/NETWORKING_SERIES/SRC_FS_MERGE/EXT_LIBS/zlib/bin/CMakeFiles/CMakeTmp/CMakeFiles 1
Building C object CMakeFiles/cmTryCompileExec3764843776.dir/testCCompiler.c.o
/usr/bin/cc    -o CMakeFiles/cmTryCompileExec3764843776.dir/testCCompiler.c.o   -c /mnt/c/Users/JOBZ/Desktop/Work/GAPrac/EXER/CPP_PRAC/MICRO_PROJECTS/NETWORKING_SERIES/SRC_FS_MERGE/EXT_LIBS/zlib/bin/CMakeFiles/CMakeTmp/testCCompiler.c
Linking C executable cmTryCompileExec3764843776
/usr/bin/cmake -E cmake_link_script CMakeFiles/cmTryCompileExec3764843776.dir/link.txt --verbose=1
/usr/bin/cc       CMakeFiles/cmTryCompileExec3764843776.dir/testCCompiler.c.o  -o cmTryCompileExec3764843776 -rdynamic 
make[1]: Leaving directory `/mnt/c/Users/JOBZ/Desktop/Work/GAPrac/EXER/CPP_PRAC/MICRO_PROJECTS/NETWORKING_SERIES/SRC_FS_MERGE/EXT_LIBS/zlib/bin/CMakeFiles/CMakeTmp'


Detecting C compiler ABI info compiled with the following output:
Change Dir: /mnt/c/Users/JOBZ/Desktop/Work/GAPrac/EXER/CPP_PRAC/MICRO_PROJECTS/NETWORKING_SERIES/SRC_FS_MERGE/EXT_LIBS/zlib/bin/CMakeFiles/CMakeTmp

Run Build Command:/usr/bin/make "cmTryCompileExec3759341538/fast"
/usr/bin/make -f CMakeFiles/cmTryCompileExec3759341538.dir/build.make CMakeFiles/cmTryCompileExec3759341538.dir/build
make[1]: Entering directory `/mnt/c/Users/JOBZ/Desktop/Work/GAPrac/EXER/CPP_PRAC/MICRO_PROJECTS/NETWORKING_SERIES/SRC_FS_MERGE/EXT_LIBS/zlib/bin/CMakeFiles/CMakeTmp'
/usr/bin/cmake -E cmake_progress_report /mnt/c/Users/JOBZ/Desktop/Work/GAPrac/EXER/CPP_PRAC/MICRO_PROJECTS/NETWORKING_SERIES/SRC_FS_MERGE/EXT_LIBS/zlib/bin/CMakeFiles/CMakeTmp/CMakeFiles 1
Building C object CMakeFiles/cmTryCompileExec3759341538.dir/CMakeCCompilerABI.c.o
/usr/bin/cc    -o CMakeFiles/cmTryCompileExec3759341538.dir/CMakeCCompilerABI.c.o   -c /usr/share/cmake-2.8/Modules/CMakeCCompilerABI.c
Linking C executable cmTryCompileExec3759341538
/usr/bin/cmake -E cmake_link_script CMakeFiles/cmTryCompileExec3759341538.dir/link.txt --verbose=1
/usr/bin/cc     -v CMakeFiles/cmTryCompileExec3759341538.dir/CMakeCCompilerABI.c.o  -o cmTryCompileExec3759341538 -rdynamic  
Using built-in specs.
COLLECT_GCC=/usr/bin/cc
COLLECT_LTO_WRAPPER=/usr/lib/gcc/x86_64-linux-gnu/4.8/lto-wrapper
Target: x86_64-linux-gnu
Configured with: ../src/configure -v --with-pkgversion='Ubuntu 4.8.4-2ubuntu1~14.04.3' --with-bugurl=file:///usr/share/doc/gcc-4.8/README.Bugs --enable-languages=c,c++,java,go,d,fortran,objc,obj-c++ --prefix=/usr --program-suffix=-4.8 --enable-shared --enable-linker-build-id --libexecdir=/usr/lib --without-included-gettext --enable-threads=posix --with-gxx-include-dir=/usr/include/c++/4.8 --libdir=/usr/lib --enable-nls --with-sysroot=/ --enable-clocale=gnu --enable-libstdcxx-debug --enable-libstdcxx-time=yes --enable-gnu-unique-object --disable-libmudflap --enable-plugin --with-system-zlib --disable-browser-plugin --enable-java-awt=gtk --enable-gtk-cairo --with-java-home=/usr/lib/jvm/java-1.5.0-gcj-4.8-amd64/jre --enable-java-home --with-jvm-root-dir=/usr/lib/jvm/java-1.5.0-gcj-4.8-amd64 --with-jvm-jar-dir=/usr/lib/jvm-exports/java-1.5.0-gcj-4.8-amd64 --with-arch-directory=amd64 --with-ecj-jar=/usr/share/java/eclipse-ecj.jar --enable-objc-gc --enable-multiarch --disable-werror --with-arch-32=i686 --with-abi=m64 --with-multilib-list=m32,m64,mx32 --with-tune=generic --enable-checking=release --build=x86_64-linux-gnu --host=x86_64-linux-gnu --target=x86_64-linux-gnu
Thread model: posix
gcc version 4.8.4 (Ubuntu 4.8.4-2ubuntu1~14.04.3) 
COMPILER_PATH=/usr/lib/gcc/x86_64-linux-gnu/4.8/:/usr/lib/gcc/x86_64-linux-gnu/4.8/:/usr/lib/gcc/x86_64-linux-gnu/:/usr/lib/gcc/x86_64-linux-gnu/4.8/:/usr/lib/gcc/x86_64-linux-gnu/
LIBRARY_PATH=/usr/lib/gcc/x86_64-linux-gnu/4.8/:/usr/lib/gcc/x86_64-linux-gnu/4.8/../../../x86_64-linux-gnu/:/usr/lib/gcc/x86_64-linux-gnu/4.8/../../../../lib/:/lib/x86_64-linux-gnu/:/lib/../lib/:/usr/lib/x86_64-linux-gnu/:/usr/lib/../lib/:/usr/lib/gcc/x86_64-linux-gnu/4.8/../../../:/lib/:/usr/lib/
COLLECT_GCC_OPTIONS='-v' '-o' 'cmTryCompileExec3759341538' '-rdynamic' '-mtune=generic' '-march=x86-64'
 /usr/lib/gcc/x86_64-linux-gnu/4.8/collect2 --sysroot=/ --build-id --eh-frame-hdr -m elf_x86_64 --hash-style=gnu --as-needed -export-dynamic -dynamic-linker /lib64/ld-linux-x86-64.so.2 -z relro -o cmTryCompileExec3759341538 /usr/lib/gcc/x86_64-linux-gnu/4.8/../../../x86_64-linux-gnu/crt1.o /usr/lib/gcc/x86_64-linux-gnu/4.8/../../../x86_64-linux-gnu/crti.o /usr/lib/gcc/x86_64-linux-gnu/4.8/crtbegin.o -L/usr/lib/gcc/x86_64-linux-gnu/4.8 -L/usr/lib/gcc/x86_64-linux-gnu/4.8/../../../x86_64-linux-gnu -L/usr/lib/gcc/x86_64-linux-gnu/4.8/../../../../lib -L/lib/x86_64-linux-gnu -L/lib/../lib -L/usr/lib/x86_64-linux-gnu -L/usr/lib/../lib -L/usr/lib/gcc/x86_64-linux-gnu/4.8/../../.. CMakeFiles/cmTryCompileExec3759341538.dir/CMakeCCompilerABI.c.o -lgcc --as-needed -lgcc_s --no-as-needed -lc -lgcc --as-needed -lgcc_s --no-as-needed /usr/lib/gcc/x86_64-linux-gnu/4.8/crtend.o /usr/lib/gcc/x86_64-linux-gnu/4.8/../../../x86_64-linux-gnu/crtn.o
make[1]: Leaving directory `/mnt/c/Users/JOBZ/Desktop/Work/GAPrac/EXER/CPP_PRAC/MICRO_PROJECTS/NETWORKING_SERIES/SRC_FS_MERGE/EXT_LIBS/zlib/bin/CMakeFiles/CMakeTmp'


Parsed C implicit link information from above output:
  link line regex: [^( *|.*[/\])(ld|([^/\]+-)?ld|collect2)[^/\]*( |$)]
  ignore line: [Change Dir: /mnt/c/Users/JOBZ/Desktop/Work/GAPrac/EXER/CPP_PRAC/MICRO_PROJECTS/NETWORKING_SERIES/SRC_FS_MERGE/EXT_LIBS/zlib/bin/CMakeFiles/CMakeTmp]
  ignore line: []
  ignore line: [Run Build Command:/usr/bin/make "cmTryCompileExec3759341538/fast"]
  ignore line: [/usr/bin/make -f CMakeFiles/cmTryCompileExec3759341538.dir/build.make CMakeFiles/cmTryCompileExec3759341538.dir/build]
  ignore line: [make[1]: Entering directory `/mnt/c/Users/JOBZ/Desktop/Work/GAPrac/EXER/CPP_PRAC/MICRO_PROJECTS/NETWORKING_SERIES/SRC_FS_MERGE/EXT_LIBS/zlib/bin/CMakeFiles/CMakeTmp']
  ignore line: [/usr/bin/cmake -E cmake_progress_report /mnt/c/Users/JOBZ/Desktop/Work/GAPrac/EXER/CPP_PRAC/MICRO_PROJECTS/NETWORKING_SERIES/SRC_FS_MERGE/EXT_LIBS/zlib/bin/CMakeFiles/CMakeTmp/CMakeFiles 1]
  ignore line: [Building C object CMakeFiles/cmTryCompileExec3759341538.dir/CMakeCCompilerABI.c.o]
  ignore line: [/usr/bin/cc    -o CMakeFiles/cmTryCompileExec3759341538.dir/CMakeCCompilerABI.c.o   -c /usr/share/cmake-2.8/Modules/CMakeCCompilerABI.c]
  ignore line: [Linking C executable cmTryCompileExec3759341538]
  ignore line: [/usr/bin/cmake -E cmake_link_script CMakeFiles/cmTryCompileExec3759341538.dir/link.txt --verbose=1]
  ignore line: [/usr/bin/cc     -v CMakeFiles/cmTryCompileExec3759341538.dir/CMakeCCompilerABI.c.o  -o cmTryCompileExec3759341538 -rdynamic  ]
  ignore line: [Using built-in specs.]
  ignore line: [COLLECT_GCC=/usr/bin/cc]
  ignore line: [COLLECT_LTO_WRAPPER=/usr/lib/gcc/x86_64-linux-gnu/4.8/lto-wrapper]
  ignore line: [Target: x86_64-linux-gnu]
  ignore line: [Configured with: ../src/configure -v --with-pkgversion='Ubuntu 4.8.4-2ubuntu1~14.04.3' --with-bugurl=file:///usr/share/doc/gcc-4.8/README.Bugs --enable-languages=c,c++,java,go,d,fortran,objc,obj-c++ --prefix=/usr --program-suffix=-4.8 --enable-shared --enable-linker-build-id --libexecdir=/usr/lib --without-included-gettext --enable-threads=posix --with-gxx-include-dir=/usr/include/c++/4.8 --libdir=/usr/lib --enable-nls --with-sysroot=/ --enable-clocale=gnu --enable-libstdcxx-debug --enable-libstdcxx-time=yes --enable-gnu-unique-object --disable-libmudflap --enable-plugin --with-system-zlib --disable-browser-plugin --enable-java-awt=gtk --enable-gtk-cairo --with-java-home=/usr/lib/jvm/java-1.5.0-gcj-4.8-amd64/jre --enable-java-home --with-jvm-root-dir=/usr/lib/jvm/java-1.5.0-gcj-4.8-amd64 --with-jvm-jar-dir=/usr/lib/jvm-exports/java-1.5.0-gcj-4.8-amd64 --with-arch-directory=amd64 --with-ecj-jar=/usr/share/java/eclipse-ecj.jar --enable-objc-gc --enable-multiarch --disable-werror --with-arch-32=i686 --with-abi=m64 --with-multilib-list=m32,m64,mx32 --with-tune=generic --enable-checking=release --build=x86_64-linux-gnu --host=x86_64-linux-gnu --target=x86_64-linux-gnu]
  ignore line: [Thread model: posix]
  ignore line: [gcc version 4.8.4 (Ubuntu 4.8.4-2ubuntu1~14.04.3) ]
  ignore line: [COMPILER_PATH=/usr/lib/gcc/x86_64-linux-gnu/4.8/:/usr/lib/gcc/x86_64-linux-gnu/4.8/:/usr/lib/gcc/x86_64-linux-gnu/:/usr/lib/gcc/x86_64-linux-gnu/4.8/:/usr/lib/gcc/x86_64-linux-gnu/]
  ignore line: [LIBRARY_PATH=/usr/lib/gcc/x86_64-linux-gnu/4.8/:/usr/lib/gcc/x86_64-linux-gnu/4.8/../../../x86_64-linux-gnu/:/usr/lib/gcc/x86_64-linux-gnu/4.8/../../../../lib/:/lib/x86_64-linux-gnu/:/lib/../lib/:/usr/lib/x86_64-linux-gnu/:/usr/lib/../lib/:/usr/lib/gcc/x86_64-linux-gnu/4.8/../../../:/lib/:/usr/lib/]
  ignore line: [COLLECT_GCC_OPTIONS='-v' '-o' 'cmTryCompileExec3759341538' '-rdynamic' '-mtune=generic' '-march=x86-64']
  link line: [ /usr/lib/gcc/x86_64-linux-gnu/4.8/collect2 --sysroot=/ --build-id --eh-frame-hdr -m elf_x86_64 --hash-style=gnu --as-needed -export-dynamic -dynamic-linker /lib64/ld-linux-x86-64.so.2 -z relro -o cmTryCompileExec3759341538 /usr/lib/gcc/x86_64-linux-gnu/4.8/../../../x86_64-linux-gnu/crt1.o /usr/lib/gcc/x86_64-linux-gnu/4.8/../../../x86_64-linux-gnu/crti.o /usr/lib/gcc/x86_64-linux-gnu/4.8/crtbegin.o -L/usr/lib/gcc/x86_64-linux-gnu/4.8 -L/usr/lib/gcc/x86_64-linux-gnu/4.8/../../../x86_64-linux-gnu -L/usr/lib/gcc/x86_64-linux-gnu/4.8/../../../../lib -L/lib/x86_64-linux-gnu -L/lib/../lib -L/usr/lib/x86_64-linux-gnu -L/usr/lib/../lib -L/usr/lib/gcc/x86_64-linux-gnu/4.8/../../.. CMakeFiles/cmTryCompileExec3759341538.dir/CMakeCCompilerABI.c.o -lgcc --as-needed -lgcc_s --no-as-needed -lc -lgcc --as-needed -lgcc_s --no-as-needed /usr/lib/gcc/x86_64-linux-gnu/4.8/crtend.o /usr/lib/gcc/x86_64-linux-gnu/4.8/../../../x86_64-linux-gnu/crtn.o]
    arg [/usr/lib/gcc/x86_64-linux-gnu/4.8/collect2] ==> ignore
    arg [--sysroot=/] ==> ignore
    arg [--build-id] ==> ignore
    arg [--eh-frame-hdr] ==> ignore
    arg [-m] ==> ignore
    arg [elf_x86_64] ==> ignore
    arg [--hash-style=gnu] ==> ignore
    arg [--as-needed] ==> ignore
    arg [-export-dynamic] ==> ignore
    arg [-dynamic-linker] ==> ignore
    arg [/lib64/ld-linux-x86-64.so.2] ==> ignore
    arg [-zrelro] ==> ignore
    arg [-o] ==> ignore
    arg [cmTryCompileExec3759341538] ==> ignore
    arg [/usr/lib/gcc/x86_64-linux-gnu/4.8/../../../x86_64-linux-gnu/crt1.o] ==> ignore
    arg [/usr/lib/gcc/x86_64-linux-gnu/4.8/../../../x86_64-linux-gnu/crti.o] ==> ignore
    arg [/usr/lib/gcc/x86_64-linux-gnu/4.8/crtbegin.o] ==> ignore
    arg [-L/usr/lib/gcc/x86_64-linux-gnu/4.8] ==> dir [/usr/lib/gcc/x86_64-linux-gnu/4.8]
    arg [-L/usr/lib/gcc/x86_64-linux-gnu/4.8/../../../x86_64-linux-gnu] ==> dir [/usr/lib/gcc/x86_64-linux-gnu/4.8/../../../x86_64-linux-gnu]
    arg [-L/usr/lib/gcc/x86_64-linux-gnu/4.8/../../../../lib] ==> dir [/usr/lib/gcc/x86_64-linux-gnu/4.8/../../../../lib]
    arg [-L/lib/x86_64-linux-gnu] ==> dir [/lib/x86_64-linux-gnu]
    arg [-L/lib/../lib] ==> dir [/lib/../lib]
    arg [-L/usr/lib/x86_64-linux-gnu] ==> dir [/usr/lib/x86_64-linux-gnu]
    arg [-L/usr/lib/../lib] ==> dir [/usr/lib/../lib]
    arg [-L/usr/lib/gcc/x86_64-linux-gnu/4.8/../../..] ==> dir [/usr/lib/gcc/x86_64-linux-gnu/4.8/../../..]
    arg [CMakeFiles/cmTryCompileExec3759341538.dir/CMakeCCompilerABI.c.o] ==> ignore
    arg [-lgcc] ==> lib [gcc]
    arg [--as-needed] ==> ignore
    arg [-lgcc_s] ==> lib [gcc_s]
    arg [--no-as-needed] ==> ignore
    arg [-lc] ==> lib [c]
    arg [-lgcc] ==> lib [gcc]
    arg [--as-needed] ==> ignore
    arg [-lgcc_s] ==> lib [gcc_s]
    arg [--no-as-needed] ==> ignore
    arg [/usr/lib/gcc/x86_64-linux-gnu/4.8/crtend.o] ==> ignore
    arg [/usr/lib/gcc/x86_64-linux-gnu/4.8/../../../x86_64-linux-gnu/crtn.o] ==> ignore
  remove lib [gcc]
  remove lib [gcc_s]
  remove lib [gcc]
  remove lib [gcc_s]
  collapse library dir [/usr/lib/gcc/x86_64-linux-gnu/4.8] ==> [/usr/lib/gcc/x86_64-linux-gnu/4.8]
  collapse library dir [/usr/lib/gcc/x86_64-linux-gnu/4.8/../../../x86_64-linux-gnu] ==> [/usr/lib/x86_64-linux-gnu]
  collapse library dir [/usr/lib/gcc/x86_64-linux-gnu/4.8/../../../../lib] ==> [/usr/lib]
  collapse library dir [/lib/x86_64-linux-gnu] ==> [/lib/x86_64-linux-gnu]
  collapse library dir [/lib/../lib] ==> [/lib]
  collapse library dir [/usr/lib/x86_64-linux-gnu] ==> [/usr/lib/x86_64-linux-gnu]
  collapse library dir [/usr/lib/../lib] ==> [/usr/lib]
  collapse library dir [/usr/lib/gcc/x86_64-linux-gnu/4.8/../../..] ==> [/usr/lib]
  implicit libs: [c]
  implicit dirs: [/usr/lib/gcc/x86_64-linux-gnu/4.8;/usr/lib/x86_64-linux-gnu;/usr/lib;/lib/x86_64-linux-gnu;/lib]
  implicit fwks: []


Determining if the include file sys/types.h exists passed with the following output:
Change Dir: /mnt/c/Users/JOBZ/Desktop/Work/GAPrac/EXER/CPP_PRAC/MICRO_PROJECTS/NETWORKING_SERIES/SRC_FS_MERGE/EXT_LIBS/zlib/bin/CMakeFiles/CMakeTmp

Run Build Command:/usr/bin/make "cmTryCompileExec64536912/fast"
/usr/bin/make -f CMakeFiles/cmTryCompileExec64536912.dir/build.make CMakeFiles/cmTryCompileExec64536912.dir/build
make[1]: Entering directory `/mnt/c/Users/JOBZ/Desktop/Work/GAPrac/EXER/CPP_PRAC/MICRO_PROJECTS/NETWORKING_SERIES/SRC_FS_MERGE/EXT_LIBS/zlib/bin/CMakeFiles/CMakeTmp'
/usr/bin/cmake -E cmake_progress_report /mnt/c/Users/JOBZ/Desktop/Work/GAPrac/EXER/CPP_PRAC/MICRO_PROJECTS/NETWORKING_SERIES/SRC_FS_MERGE/EXT_LIBS/zlib/bin/CMakeFiles/CMakeTmp/CMakeFiles 1
Building C object CMakeFiles/cmTryCompileExec64536912.dir/CheckIncludeFile.c.o
/usr/bin/cc    -o CMakeFiles/cmTryCompileExec64536912.dir/CheckIncludeFile.c.o   -c /mnt/c/Users/JOBZ/Desktop/Work/GAPrac/EXER/CPP_PRAC/MICRO_PROJECTS/NETWORKING_SERIES/SRC_FS_MERGE/EXT_LIBS/zlib/bin/CMakeFiles/CMakeTmp/CheckIncludeFile.c
Linking C executable cmTryCompileExec64536912
/usr/bin/cmake -E cmake_link_script CMakeFiles/cmTryCompileExec64536912.dir/link.txt --verbose=1
/usr/bin/cc       CMakeFiles/cmTryCompileExec64536912.dir/CheckIncludeFile.c.o  -o cmTryCompileExec64536912 -rdynamic 
make[1]: Leaving directory `/mnt/c/Users/JOBZ/Desktop/Work/GAPrac/EXER/CPP_PRAC/MICRO_PROJECTS/NETWORKING_SERIES/SRC_FS_MERGE/EXT_LIBS/zlib/bin/CMakeFiles/CMakeTmp'


Determining if the include file stdint.h exists passed with the following output:
Change Dir: /mnt/c/Users/JOBZ/Desktop/Work/GAPrac/EXER/CPP_PRAC/MICRO_PROJECTS/NETWORKING_SERIES/SRC_FS_MERGE/EXT_LIBS/zlib/bin/CMakeFiles/CMakeTmp

Run Build Command:/usr/bin/make "cmTryCompileExec860946969/fast"
/usr/bin/make -f CMakeFiles/cmTryCompileExec860946969.dir/build.make CMakeFiles/cmTryCompileExec860946969.dir/build
make[1]: Entering directory `/mnt/c/Users/JOBZ/Desktop/Work/GAPrac/EXER/CPP_PRAC/MICRO_PROJECTS/NETWORKING_SERIES/SRC_FS_MERGE/EXT_LIBS/zlib/bin/CMakeFiles/CMakeTmp'
/usr/bin/cmake -E cmake_progress_report /mnt/c/Users/JOBZ/Desktop/Work/GAPrac/EXER/CPP_PRAC/MICRO_PROJECTS/NETWORKING_SERIES/SRC_FS_MERGE/EXT_LIBS/zlib/bin/CMakeFiles/CMakeTmp/CMakeFiles 1
Building C object CMakeFiles/cmTryCompileExec860946969.dir/CheckIncludeFile.c.o
/usr/bin/cc    -o CMakeFiles/cmTryCompileExec860946969.dir/CheckIncludeFile.c.o   -c /mnt/c/Users/JOBZ/Desktop/Work/GAPrac/EXER/CPP_PRAC/MICRO_PROJECTS/NETWORKING_SERIES/SRC_FS_MERGE/EXT_LIBS/zlib/bin/CMakeFiles/CMakeTmp/CheckIncludeFile.c
Linking C executable cmTryCompileExec860946969
/usr/bin/cmake -E cmake_link_script CMakeFiles/cmTryCompileExec860946969.dir/link.txt --verbose=1
/usr/bin/cc       CMakeFiles/cmTryCompileExec860946969.dir/CheckIncludeFile.c.o  -o cmTryCompileExec860946969 -rdynamic 
make[1]: Leaving directory `/mnt/c/Users/JOBZ/Desktop/Work/GAPrac/EXER/CPP_PRAC/MICRO_PROJECTS/NETWORKING_SERIES/SRC_FS_MERGE/EXT_LIBS/zlib/bin/CMakeFiles/CMakeTmp'


Determining if the include file stddef.h exists passed with the following output:
Change Dir: /mnt/c/Users/JOBZ/Desktop/Work/GAPrac/EXER/CPP_PRAC/MICRO_PROJECTS/NETWORKING_SERIES/SRC_FS_MERGE/EXT_LIBS/zlib/bin/CMakeFiles/CMakeTmp

Run Build Command:/usr/bin/make "cmTryCompileExec3460124695/fast"
/usr/bin/make -f CMakeFiles/cmTryCompileExec3460124695.dir/build.make CMakeFiles/cmTryCompileExec3460124695.dir/build
make[1]: Entering directory `/mnt/c/Users/JOBZ/Desktop/Work/GAPrac/EXER/CPP_PRAC/MICRO_PROJECTS/NETWORKING_SERIES/SRC_FS_MERGE/EXT_LIBS/zlib/bin/CMakeFiles/CMakeTmp'
/usr/bin/cmake -E cmake_progress_report /mnt/c/Users/JOBZ/Desktop/Work/GAPrac/EXER/CPP_PRAC/MICRO_PROJECTS/NETWORKING_SERIES/SRC_FS_MERGE/EXT_LIBS/zlib/bin/CMakeFiles/CMakeTmp/CMakeFiles 1
Building C object CMakeFiles/cmTryCompileExec3460124695.dir/CheckIncludeFile.c.o
/usr/bin/cc    -o CMakeFiles/cmTryCompileExec3460124695.dir/CheckIncludeFile.c.o   -c /mnt/c/Users/JOBZ/Desktop/Work/GAPrac/EXER/CPP_PRAC/MICRO_PROJECTS/NETWORKING_SERIES/SRC_FS_MERGE/EXT_LIBS/zlib/bin/CMakeFiles/CMakeTmp/CheckIncludeFile.c
Linking C executable cmTryCompileExec3460124695
/usr/bin/cmake -E cmake_link_script CMakeFiles/cmTryCompileExec3460124695.dir/link.txt --verbose=1
/usr/bin/cc       CMakeFiles/cmTryCompileExec3460124695.dir/CheckIncludeFile.c.o  -o cmTryCompileExec3460124695 -rdynamic 
make[1]: Leaving directory `/mnt/c/Users/JOBZ/Desktop/Work/GAPrac/EXER/CPP_PRAC/MICRO_PROJECTS/NETWORKING_SERIES/SRC_FS_MERGE/EXT_LIBS/zlib/bin/CMakeFiles/CMakeTmp'


Determining size of off64_t passed with the following output:
Change Dir: /mnt/c/Users/JOBZ/Desktop/Work/GAPrac/EXER/CPP_PRAC/MICRO_PROJECTS/NETWORKING_SERIES/SRC_FS_MERGE/EXT_LIBS/zlib/bin/CMakeFiles/CMakeTmp

Run Build Command:/usr/bin/make "cmTryCompileExec3227234651/fast"
/usr/bin/make -f CMakeFiles/cmTryCompileExec3227234651.dir/build.make CMakeFiles/cmTryCompileExec3227234651.dir/build
make[1]: Entering directory `/mnt/c/Users/JOBZ/Desktop/Work/GAPrac/EXER/CPP_PRAC/MICRO_PROJECTS/NETWORKING_SERIES/SRC_FS_MERGE/EXT_LIBS/zlib/bin/CMakeFiles/CMakeTmp'
/usr/bin/cmake -E cmake_progress_report /mnt/c/Users/JOBZ/Desktop/Work/GAPrac/EXER/CPP_PRAC/MICRO_PROJECTS/NETWORKING_SERIES/SRC_FS_MERGE/EXT_LIBS/zlib/bin/CMakeFiles/CMakeTmp/CMakeFiles 1
Building C object CMakeFiles/cmTryCompileExec3227234651.dir/OFF64_T.c.o
/usr/bin/cc  -DHAVE_STDDEF_H -DHAVE_STDINT_H -DHAVE_SYS_TYPES_H -D_LARGEFILE64_SOURCE=1  -o CMakeFiles/cmTryCompileExec3227234651.dir/OFF64_T.c.o   -c /mnt/c/Users/JOBZ/Desktop/Work/GAPrac/EXER/CPP_PRAC/MICRO_PROJECTS/NETWORKING_SERIES/SRC_FS_MERGE/EXT_LIBS/zlib/bin/CMakeFiles/CheckTypeSize/OFF64_T.c
Linking C executable cmTryCompileExec3227234651
/usr/bin/cmake -E cmake_link_script CMakeFiles/cmTryCompileExec3227234651.dir/link.txt --verbose=1
/usr/bin/cc       CMakeFiles/cmTryCompileExec3227234651.dir/OFF64_T.c.o  -o cmTryCompileExec3227234651 -rdynamic 
make[1]: Leaving directory `/mnt/c/Users/JOBZ/Desktop/Work/GAPrac/EXER/CPP_PRAC/MICRO_PROJECTS/NETWORKING_SERIES/SRC_FS_MERGE/EXT_LIBS/zlib/bin/CMakeFiles/CMakeTmp'


Determining if the function fseeko exists passed with the following output:
Change Dir: /mnt/c/Users/JOBZ/Desktop/Work/GAPrac/EXER/CPP_PRAC/MICRO_PROJECTS/NETWORKING_SERIES/SRC_FS_MERGE/EXT_LIBS/zlib/bin/CMakeFiles/CMakeTmp

Run Build Command:/usr/bin/make "cmTryCompileExec2436338279/fast"
/usr/bin/make -f CMakeFiles/cmTryCompileExec2436338279.dir/build.make CMakeFiles/cmTryCompileExec2436338279.dir/build
make[1]: Entering directory `/mnt/c/Users/JOBZ/Desktop/Work/GAPrac/EXER/CPP_PRAC/MICRO_PROJECTS/NETWORKING_SERIES/SRC_FS_MERGE/EXT_LIBS/zlib/bin/CMakeFiles/CMakeTmp'
/usr/bin/cmake -E cmake_progress_report /mnt/c/Users/JOBZ/Desktop/Work/GAPrac/EXER/CPP_PRAC/MICRO_PROJECTS/NETWORKING_SERIES/SRC_FS_MERGE/EXT_LIBS/zlib/bin/CMakeFiles/CMakeTmp/CMakeFiles 1
Building C object CMakeFiles/cmTryCompileExec2436338279.dir/CheckFunctionExists.c.o
/usr/bin/cc   -DCHECK_FUNCTION_EXISTS=fseeko   -o CMakeFiles/cmTryCompileExec2436338279.dir/CheckFunctionExists.c.o   -c /usr/share/cmake-2.8/Modules/CheckFunctionExists.c
Linking C executable cmTryCompileExec2436338279
/usr/bin/cmake -E cmake_link_script CMakeFiles/cmTryCompileExec2436338279.dir/link.txt --verbose=1
/usr/bin/cc   -DCHECK_FUNCTION_EXISTS=fseeko    CMakeFiles/cmTryCompileExec2436338279.dir/CheckFunctionExists.c.o  -o cmTryCompileExec2436338279 -rdynamic 
make[1]: Leaving directory `/mnt/c/Users/JOBZ/Desktop/Work/GAPrac/EXER/CPP_PRAC/MICRO_PROJECTS/NETWORKING_SERIES/SRC_FS_MERGE/EXT_LIBS/zlib/bin/CMakeFiles/CMakeTmp'


Determining if the include file unistd.h exists passed with the following output:
Change Dir: /mnt/c/Users/JOBZ/Desktop/Work/GAPrac/EXER/CPP_PRAC/MICRO_PROJECTS/NETWORKING_SERIES/SRC_FS_MERGE/EXT_LIBS/zlib/bin/CMakeFiles/CMakeTmp

Run Build Command:/usr/bin/make "cmTryCompileExec3508702771/fast"
/usr/bin/make -f CMakeFiles/cmTryCompileExec3508702771.dir/build.make CMakeFiles/cmTryCompileExec3508702771.dir/build
make[1]: Entering directory `/mnt/c/Users/JOBZ/Desktop/Work/GAPrac/EXER/CPP_PRAC/MICRO_PROJECTS/NETWORKING_SERIES/SRC_FS_MERGE/EXT_LIBS/zlib/bin/CMakeFiles/CMakeTmp'
/usr/bin/cmake -E cmake_progress_report /mnt/c/Users/JOBZ/Desktop/Work/GAPrac/EXER/CPP_PRAC/MICRO_PROJECTS/NETWORKING_SERIES/SRC_FS_MERGE/EXT_LIBS/zlib/bin/CMakeFiles/CMakeTmp/CMakeFiles 1
Building C object CMakeFiles/cmTryCompileExec3508702771.dir/CheckIncludeFile.c.o
/usr/bin/cc    -o CMakeFiles/cmTryCompileExec3508702771.dir/CheckIncludeFile.c.o   -c /mnt/c/Users/JOBZ/Desktop/Work/GAPrac/EXER/CPP_PRAC/MICRO_PROJECTS/NETWORKING_SERIES/SRC_FS_MERGE/EXT_LIBS/zlib/bin/CMakeFiles/CMakeTmp/CheckIncludeFile.c
Linking C executable cmTryCompileExec3508702771
/usr/bin/cmake -E cmake_link_script CMakeFiles/cmTryCompileExec3508702771.dir/link.txt --verbose=1
/usr/bin/cc       CMakeFiles/cmTryCompileExec3508702771.dir/CheckIncludeFile.c.o  -o cmTryCompileExec3508702771 -rdynamic 
make[1]: Leaving directory `/mnt/c/Users/JOBZ/Desktop/Work/GAPrac/EXER/CPP_PRAC/MICRO_PROJECTS/NETWORKING_SERIES/SRC_FS_MERGE/EXT_LIBS/zlib/bin/CMakeFiles/CMakeTmp'


