The system is: Linux - 3.4.0+ - x86_64
Compiling the C compiler identification source file "CMakeCCompilerId.c" succeeded.
Compiler: /usr/bin/cc 
Build flags: 
Id flags: 

The output was:
0


Compilation of the C compiler identification source "CMakeCCompilerId.c" produced "a.out"

The C compiler identification is GNU, found in "/mnt/c/Users/JOBZ/Desktop/Work/GAPrac/EXER/CPP_PRAC/MICRO_PROJECTS/NETWORKING_SERIES/SRC_FS_MERGE/EXT_LIBS/libssh2/bin/CMakeFiles/2.8.12.2/CompilerIdC/a.out"

Determining if the C compiler works passed with the following output:
Change Dir: /mnt/c/Users/JOBZ/Desktop/Work/GAPrac/EXER/CPP_PRAC/MICRO_PROJECTS/NETWORKING_SERIES/SRC_FS_MERGE/EXT_LIBS/libssh2/bin/CMakeFiles/CMakeTmp

Run Build Command:/usr/bin/make "cmTryCompileExec1889123495/fast"
/usr/bin/make -f CMakeFiles/cmTryCompileExec1889123495.dir/build.make CMakeFiles/cmTryCompileExec1889123495.dir/build
make[1]: Entering directory `/mnt/c/Users/JOBZ/Desktop/Work/GAPrac/EXER/CPP_PRAC/MICRO_PROJECTS/NETWORKING_SERIES/SRC_FS_MERGE/EXT_LIBS/libssh2/bin/CMakeFiles/CMakeTmp'
/usr/bin/cmake -E cmake_progress_report /mnt/c/Users/JOBZ/Desktop/Work/GAPrac/EXER/CPP_PRAC/MICRO_PROJECTS/NETWORKING_SERIES/SRC_FS_MERGE/EXT_LIBS/libssh2/bin/CMakeFiles/CMakeTmp/CMakeFiles 1
Building C object CMakeFiles/cmTryCompileExec1889123495.dir/testCCompiler.c.o
/usr/bin/cc    -o CMakeFiles/cmTryCompileExec1889123495.dir/testCCompiler.c.o   -c /mnt/c/Users/JOBZ/Desktop/Work/GAPrac/EXER/CPP_PRAC/MICRO_PROJECTS/NETWORKING_SERIES/SRC_FS_MERGE/EXT_LIBS/libssh2/bin/CMakeFiles/CMakeTmp/testCCompiler.c
Linking C executable cmTryCompileExec1889123495
/usr/bin/cmake -E cmake_link_script CMakeFiles/cmTryCompileExec1889123495.dir/link.txt --verbose=1
/usr/bin/cc       CMakeFiles/cmTryCompileExec1889123495.dir/testCCompiler.c.o  -o cmTryCompileExec1889123495 -rdynamic 
make[1]: Leaving directory `/mnt/c/Users/JOBZ/Desktop/Work/GAPrac/EXER/CPP_PRAC/MICRO_PROJECTS/NETWORKING_SERIES/SRC_FS_MERGE/EXT_LIBS/libssh2/bin/CMakeFiles/CMakeTmp'


Detecting C compiler ABI info compiled with the following output:
Change Dir: /mnt/c/Users/JOBZ/Desktop/Work/GAPrac/EXER/CPP_PRAC/MICRO_PROJECTS/NETWORKING_SERIES/SRC_FS_MERGE/EXT_LIBS/libssh2/bin/CMakeFiles/CMakeTmp

Run Build Command:/usr/bin/make "cmTryCompileExec657486553/fast"
/usr/bin/make -f CMakeFiles/cmTryCompileExec657486553.dir/build.make CMakeFiles/cmTryCompileExec657486553.dir/build
make[1]: Entering directory `/mnt/c/Users/JOBZ/Desktop/Work/GAPrac/EXER/CPP_PRAC/MICRO_PROJECTS/NETWORKING_SERIES/SRC_FS_MERGE/EXT_LIBS/libssh2/bin/CMakeFiles/CMakeTmp'
/usr/bin/cmake -E cmake_progress_report /mnt/c/Users/JOBZ/Desktop/Work/GAPrac/EXER/CPP_PRAC/MICRO_PROJECTS/NETWORKING_SERIES/SRC_FS_MERGE/EXT_LIBS/libssh2/bin/CMakeFiles/CMakeTmp/CMakeFiles 1
Building C object CMakeFiles/cmTryCompileExec657486553.dir/CMakeCCompilerABI.c.o
/usr/bin/cc    -o CMakeFiles/cmTryCompileExec657486553.dir/CMakeCCompilerABI.c.o   -c /usr/share/cmake-2.8/Modules/CMakeCCompilerABI.c
Linking C executable cmTryCompileExec657486553
/usr/bin/cmake -E cmake_link_script CMakeFiles/cmTryCompileExec657486553.dir/link.txt --verbose=1
/usr/bin/cc     -v CMakeFiles/cmTryCompileExec657486553.dir/CMakeCCompilerABI.c.o  -o cmTryCompileExec657486553 -rdynamic  
Using built-in specs.
COLLECT_GCC=/usr/bin/cc
COLLECT_LTO_WRAPPER=/usr/lib/gcc/x86_64-linux-gnu/4.8/lto-wrapper
Target: x86_64-linux-gnu
Configured with: ../src/configure -v --with-pkgversion='Ubuntu 4.8.4-2ubuntu1~14.04.3' --with-bugurl=file:///usr/share/doc/gcc-4.8/README.Bugs --enable-languages=c,c++,java,go,d,fortran,objc,obj-c++ --prefix=/usr --program-suffix=-4.8 --enable-shared --enable-linker-build-id --libexecdir=/usr/lib --without-included-gettext --enable-threads=posix --with-gxx-include-dir=/usr/include/c++/4.8 --libdir=/usr/lib --enable-nls --with-sysroot=/ --enable-clocale=gnu --enable-libstdcxx-debug --enable-libstdcxx-time=yes --enable-gnu-unique-object --disable-libmudflap --enable-plugin --with-system-zlib --disable-browser-plugin --enable-java-awt=gtk --enable-gtk-cairo --with-java-home=/usr/lib/jvm/java-1.5.0-gcj-4.8-amd64/jre --enable-java-home --with-jvm-root-dir=/usr/lib/jvm/java-1.5.0-gcj-4.8-amd64 --with-jvm-jar-dir=/usr/lib/jvm-exports/java-1.5.0-gcj-4.8-amd64 --with-arch-directory=amd64 --with-ecj-jar=/usr/share/java/eclipse-ecj.jar --enable-objc-gc --enable-multiarch --disable-werror --with-arch-32=i686 --with-abi=m64 --with-multilib-list=m32,m64,mx32 --with-tune=generic --enable-checking=release --build=x86_64-linux-gnu --host=x86_64-linux-gnu --target=x86_64-linux-gnu
Thread model: posix
gcc version 4.8.4 (Ubuntu 4.8.4-2ubuntu1~14.04.3) 
COMPILER_PATH=/usr/lib/gcc/x86_64-linux-gnu/4.8/:/usr/lib/gcc/x86_64-linux-gnu/4.8/:/usr/lib/gcc/x86_64-linux-gnu/:/usr/lib/gcc/x86_64-linux-gnu/4.8/:/usr/lib/gcc/x86_64-linux-gnu/
LIBRARY_PATH=/usr/lib/gcc/x86_64-linux-gnu/4.8/:/usr/lib/gcc/x86_64-linux-gnu/4.8/../../../x86_64-linux-gnu/:/usr/lib/gcc/x86_64-linux-gnu/4.8/../../../../lib/:/lib/x86_64-linux-gnu/:/lib/../lib/:/usr/lib/x86_64-linux-gnu/:/usr/lib/../lib/:/usr/lib/gcc/x86_64-linux-gnu/4.8/../../../:/lib/:/usr/lib/
COLLECT_GCC_OPTIONS='-v' '-o' 'cmTryCompileExec657486553' '-rdynamic' '-mtune=generic' '-march=x86-64'
 /usr/lib/gcc/x86_64-linux-gnu/4.8/collect2 --sysroot=/ --build-id --eh-frame-hdr -m elf_x86_64 --hash-style=gnu --as-needed -export-dynamic -dynamic-linker /lib64/ld-linux-x86-64.so.2 -z relro -o cmTryCompileExec657486553 /usr/lib/gcc/x86_64-linux-gnu/4.8/../../../x86_64-linux-gnu/crt1.o /usr/lib/gcc/x86_64-linux-gnu/4.8/../../../x86_64-linux-gnu/crti.o /usr/lib/gcc/x86_64-linux-gnu/4.8/crtbegin.o -L/usr/lib/gcc/x86_64-linux-gnu/4.8 -L/usr/lib/gcc/x86_64-linux-gnu/4.8/../../../x86_64-linux-gnu -L/usr/lib/gcc/x86_64-linux-gnu/4.8/../../../../lib -L/lib/x86_64-linux-gnu -L/lib/../lib -L/usr/lib/x86_64-linux-gnu -L/usr/lib/../lib -L/usr/lib/gcc/x86_64-linux-gnu/4.8/../../.. CMakeFiles/cmTryCompileExec657486553.dir/CMakeCCompilerABI.c.o -lgcc --as-needed -lgcc_s --no-as-needed -lc -lgcc --as-needed -lgcc_s --no-as-needed /usr/lib/gcc/x86_64-linux-gnu/4.8/crtend.o /usr/lib/gcc/x86_64-linux-gnu/4.8/../../../x86_64-linux-gnu/crtn.o
make[1]: Leaving directory `/mnt/c/Users/JOBZ/Desktop/Work/GAPrac/EXER/CPP_PRAC/MICRO_PROJECTS/NETWORKING_SERIES/SRC_FS_MERGE/EXT_LIBS/libssh2/bin/CMakeFiles/CMakeTmp'


Parsed C implicit link information from above output:
  link line regex: [^( *|.*[/\])(ld|([^/\]+-)?ld|collect2)[^/\]*( |$)]
  ignore line: [Change Dir: /mnt/c/Users/JOBZ/Desktop/Work/GAPrac/EXER/CPP_PRAC/MICRO_PROJECTS/NETWORKING_SERIES/SRC_FS_MERGE/EXT_LIBS/libssh2/bin/CMakeFiles/CMakeTmp]
  ignore line: []
  ignore line: [Run Build Command:/usr/bin/make "cmTryCompileExec657486553/fast"]
  ignore line: [/usr/bin/make -f CMakeFiles/cmTryCompileExec657486553.dir/build.make CMakeFiles/cmTryCompileExec657486553.dir/build]
  ignore line: [make[1]: Entering directory `/mnt/c/Users/JOBZ/Desktop/Work/GAPrac/EXER/CPP_PRAC/MICRO_PROJECTS/NETWORKING_SERIES/SRC_FS_MERGE/EXT_LIBS/libssh2/bin/CMakeFiles/CMakeTmp']
  ignore line: [/usr/bin/cmake -E cmake_progress_report /mnt/c/Users/JOBZ/Desktop/Work/GAPrac/EXER/CPP_PRAC/MICRO_PROJECTS/NETWORKING_SERIES/SRC_FS_MERGE/EXT_LIBS/libssh2/bin/CMakeFiles/CMakeTmp/CMakeFiles 1]
  ignore line: [Building C object CMakeFiles/cmTryCompileExec657486553.dir/CMakeCCompilerABI.c.o]
  ignore line: [/usr/bin/cc    -o CMakeFiles/cmTryCompileExec657486553.dir/CMakeCCompilerABI.c.o   -c /usr/share/cmake-2.8/Modules/CMakeCCompilerABI.c]
  ignore line: [Linking C executable cmTryCompileExec657486553]
  ignore line: [/usr/bin/cmake -E cmake_link_script CMakeFiles/cmTryCompileExec657486553.dir/link.txt --verbose=1]
  ignore line: [/usr/bin/cc     -v CMakeFiles/cmTryCompileExec657486553.dir/CMakeCCompilerABI.c.o  -o cmTryCompileExec657486553 -rdynamic  ]
  ignore line: [Using built-in specs.]
  ignore line: [COLLECT_GCC=/usr/bin/cc]
  ignore line: [COLLECT_LTO_WRAPPER=/usr/lib/gcc/x86_64-linux-gnu/4.8/lto-wrapper]
  ignore line: [Target: x86_64-linux-gnu]
  ignore line: [Configured with: ../src/configure -v --with-pkgversion='Ubuntu 4.8.4-2ubuntu1~14.04.3' --with-bugurl=file:///usr/share/doc/gcc-4.8/README.Bugs --enable-languages=c,c++,java,go,d,fortran,objc,obj-c++ --prefix=/usr --program-suffix=-4.8 --enable-shared --enable-linker-build-id --libexecdir=/usr/lib --without-included-gettext --enable-threads=posix --with-gxx-include-dir=/usr/include/c++/4.8 --libdir=/usr/lib --enable-nls --with-sysroot=/ --enable-clocale=gnu --enable-libstdcxx-debug --enable-libstdcxx-time=yes --enable-gnu-unique-object --disable-libmudflap --enable-plugin --with-system-zlib --disable-browser-plugin --enable-java-awt=gtk --enable-gtk-cairo --with-java-home=/usr/lib/jvm/java-1.5.0-gcj-4.8-amd64/jre --enable-java-home --with-jvm-root-dir=/usr/lib/jvm/java-1.5.0-gcj-4.8-amd64 --with-jvm-jar-dir=/usr/lib/jvm-exports/java-1.5.0-gcj-4.8-amd64 --with-arch-directory=amd64 --with-ecj-jar=/usr/share/java/eclipse-ecj.jar --enable-objc-gc --enable-multiarch --disable-werror --with-arch-32=i686 --with-abi=m64 --with-multilib-list=m32,m64,mx32 --with-tune=generic --enable-checking=release --build=x86_64-linux-gnu --host=x86_64-linux-gnu --target=x86_64-linux-gnu]
  ignore line: [Thread model: posix]
  ignore line: [gcc version 4.8.4 (Ubuntu 4.8.4-2ubuntu1~14.04.3) ]
  ignore line: [COMPILER_PATH=/usr/lib/gcc/x86_64-linux-gnu/4.8/:/usr/lib/gcc/x86_64-linux-gnu/4.8/:/usr/lib/gcc/x86_64-linux-gnu/:/usr/lib/gcc/x86_64-linux-gnu/4.8/:/usr/lib/gcc/x86_64-linux-gnu/]
  ignore line: [LIBRARY_PATH=/usr/lib/gcc/x86_64-linux-gnu/4.8/:/usr/lib/gcc/x86_64-linux-gnu/4.8/../../../x86_64-linux-gnu/:/usr/lib/gcc/x86_64-linux-gnu/4.8/../../../../lib/:/lib/x86_64-linux-gnu/:/lib/../lib/:/usr/lib/x86_64-linux-gnu/:/usr/lib/../lib/:/usr/lib/gcc/x86_64-linux-gnu/4.8/../../../:/lib/:/usr/lib/]
  ignore line: [COLLECT_GCC_OPTIONS='-v' '-o' 'cmTryCompileExec657486553' '-rdynamic' '-mtune=generic' '-march=x86-64']
  link line: [ /usr/lib/gcc/x86_64-linux-gnu/4.8/collect2 --sysroot=/ --build-id --eh-frame-hdr -m elf_x86_64 --hash-style=gnu --as-needed -export-dynamic -dynamic-linker /lib64/ld-linux-x86-64.so.2 -z relro -o cmTryCompileExec657486553 /usr/lib/gcc/x86_64-linux-gnu/4.8/../../../x86_64-linux-gnu/crt1.o /usr/lib/gcc/x86_64-linux-gnu/4.8/../../../x86_64-linux-gnu/crti.o /usr/lib/gcc/x86_64-linux-gnu/4.8/crtbegin.o -L/usr/lib/gcc/x86_64-linux-gnu/4.8 -L/usr/lib/gcc/x86_64-linux-gnu/4.8/../../../x86_64-linux-gnu -L/usr/lib/gcc/x86_64-linux-gnu/4.8/../../../../lib -L/lib/x86_64-linux-gnu -L/lib/../lib -L/usr/lib/x86_64-linux-gnu -L/usr/lib/../lib -L/usr/lib/gcc/x86_64-linux-gnu/4.8/../../.. CMakeFiles/cmTryCompileExec657486553.dir/CMakeCCompilerABI.c.o -lgcc --as-needed -lgcc_s --no-as-needed -lc -lgcc --as-needed -lgcc_s --no-as-needed /usr/lib/gcc/x86_64-linux-gnu/4.8/crtend.o /usr/lib/gcc/x86_64-linux-gnu/4.8/../../../x86_64-linux-gnu/crtn.o]
    arg [/usr/lib/gcc/x86_64-linux-gnu/4.8/collect2] ==> ignore
    arg [--sysroot=/] ==> ignore
    arg [--build-id] ==> ignore
    arg [--eh-frame-hdr] ==> ignore
    arg [-m] ==> ignore
    arg [elf_x86_64] ==> ignore
    arg [--hash-style=gnu] ==> ignore
    arg [--as-needed] ==> ignore
    arg [-export-dynamic] ==> ignore
    arg [-dynamic-linker] ==> ignore
    arg [/lib64/ld-linux-x86-64.so.2] ==> ignore
    arg [-zrelro] ==> ignore
    arg [-o] ==> ignore
    arg [cmTryCompileExec657486553] ==> ignore
    arg [/usr/lib/gcc/x86_64-linux-gnu/4.8/../../../x86_64-linux-gnu/crt1.o] ==> ignore
    arg [/usr/lib/gcc/x86_64-linux-gnu/4.8/../../../x86_64-linux-gnu/crti.o] ==> ignore
    arg [/usr/lib/gcc/x86_64-linux-gnu/4.8/crtbegin.o] ==> ignore
    arg [-L/usr/lib/gcc/x86_64-linux-gnu/4.8] ==> dir [/usr/lib/gcc/x86_64-linux-gnu/4.8]
    arg [-L/usr/lib/gcc/x86_64-linux-gnu/4.8/../../../x86_64-linux-gnu] ==> dir [/usr/lib/gcc/x86_64-linux-gnu/4.8/../../../x86_64-linux-gnu]
    arg [-L/usr/lib/gcc/x86_64-linux-gnu/4.8/../../../../lib] ==> dir [/usr/lib/gcc/x86_64-linux-gnu/4.8/../../../../lib]
    arg [-L/lib/x86_64-linux-gnu] ==> dir [/lib/x86_64-linux-gnu]
    arg [-L/lib/../lib] ==> dir [/lib/../lib]
    arg [-L/usr/lib/x86_64-linux-gnu] ==> dir [/usr/lib/x86_64-linux-gnu]
    arg [-L/usr/lib/../lib] ==> dir [/usr/lib/../lib]
    arg [-L/usr/lib/gcc/x86_64-linux-gnu/4.8/../../..] ==> dir [/usr/lib/gcc/x86_64-linux-gnu/4.8/../../..]
    arg [CMakeFiles/cmTryCompileExec657486553.dir/CMakeCCompilerABI.c.o] ==> ignore
    arg [-lgcc] ==> lib [gcc]
    arg [--as-needed] ==> ignore
    arg [-lgcc_s] ==> lib [gcc_s]
    arg [--no-as-needed] ==> ignore
    arg [-lc] ==> lib [c]
    arg [-lgcc] ==> lib [gcc]
    arg [--as-needed] ==> ignore
    arg [-lgcc_s] ==> lib [gcc_s]
    arg [--no-as-needed] ==> ignore
    arg [/usr/lib/gcc/x86_64-linux-gnu/4.8/crtend.o] ==> ignore
    arg [/usr/lib/gcc/x86_64-linux-gnu/4.8/../../../x86_64-linux-gnu/crtn.o] ==> ignore
  remove lib [gcc]
  remove lib [gcc_s]
  remove lib [gcc]
  remove lib [gcc_s]
  collapse library dir [/usr/lib/gcc/x86_64-linux-gnu/4.8] ==> [/usr/lib/gcc/x86_64-linux-gnu/4.8]
  collapse library dir [/usr/lib/gcc/x86_64-linux-gnu/4.8/../../../x86_64-linux-gnu] ==> [/usr/lib/x86_64-linux-gnu]
  collapse library dir [/usr/lib/gcc/x86_64-linux-gnu/4.8/../../../../lib] ==> [/usr/lib]
  collapse library dir [/lib/x86_64-linux-gnu] ==> [/lib/x86_64-linux-gnu]
  collapse library dir [/lib/../lib] ==> [/lib]
  collapse library dir [/usr/lib/x86_64-linux-gnu] ==> [/usr/lib/x86_64-linux-gnu]
  collapse library dir [/usr/lib/../lib] ==> [/usr/lib]
  collapse library dir [/usr/lib/gcc/x86_64-linux-gnu/4.8/../../..] ==> [/usr/lib]
  implicit libs: [c]
  implicit dirs: [/usr/lib/gcc/x86_64-linux-gnu/4.8;/usr/lib/x86_64-linux-gnu;/usr/lib;/lib/x86_64-linux-gnu;/lib]
  implicit fwks: []


Determining if the function EVP_aes_128_ctr exists passed with the following output:
Change Dir: /mnt/c/Users/JOBZ/Desktop/Work/GAPrac/EXER/CPP_PRAC/MICRO_PROJECTS/NETWORKING_SERIES/SRC_FS_MERGE/EXT_LIBS/libssh2/bin/CMakeFiles/CMakeTmp

Run Build Command:/usr/bin/make "cmTryCompileExec2920258391/fast"
/usr/bin/make -f CMakeFiles/cmTryCompileExec2920258391.dir/build.make CMakeFiles/cmTryCompileExec2920258391.dir/build
make[1]: Entering directory `/mnt/c/Users/JOBZ/Desktop/Work/GAPrac/EXER/CPP_PRAC/MICRO_PROJECTS/NETWORKING_SERIES/SRC_FS_MERGE/EXT_LIBS/libssh2/bin/CMakeFiles/CMakeTmp'
/usr/bin/cmake -E cmake_progress_report /mnt/c/Users/JOBZ/Desktop/Work/GAPrac/EXER/CPP_PRAC/MICRO_PROJECTS/NETWORKING_SERIES/SRC_FS_MERGE/EXT_LIBS/libssh2/bin/CMakeFiles/CMakeTmp/CMakeFiles 1
Building C object CMakeFiles/cmTryCompileExec2920258391.dir/CheckFunctionExists.c.o
/usr/bin/cc   --std=gnu90  -Wall -DCHECK_FUNCTION_EXISTS=EVP_aes_128_ctr   -o CMakeFiles/cmTryCompileExec2920258391.dir/CheckFunctionExists.c.o   -c /usr/share/cmake-2.8/Modules/CheckFunctionExists.c
Linking C executable cmTryCompileExec2920258391
/usr/bin/cmake -E cmake_link_script CMakeFiles/cmTryCompileExec2920258391.dir/link.txt --verbose=1
/usr/bin/cc  --std=gnu90  -Wall -DCHECK_FUNCTION_EXISTS=EVP_aes_128_ctr    CMakeFiles/cmTryCompileExec2920258391.dir/CheckFunctionExists.c.o  -o cmTryCompileExec2920258391 -rdynamic -lssl -lcrypto 
make[1]: Leaving directory `/mnt/c/Users/JOBZ/Desktop/Work/GAPrac/EXER/CPP_PRAC/MICRO_PROJECTS/NETWORKING_SERIES/SRC_FS_MERGE/EXT_LIBS/libssh2/bin/CMakeFiles/CMakeTmp'


Determining if files unistd.h exist passed with the following output:
Change Dir: /mnt/c/Users/JOBZ/Desktop/Work/GAPrac/EXER/CPP_PRAC/MICRO_PROJECTS/NETWORKING_SERIES/SRC_FS_MERGE/EXT_LIBS/libssh2/bin/CMakeFiles/CMakeTmp

Run Build Command:/usr/bin/make "cmTryCompileExec960002871/fast"
/usr/bin/make -f CMakeFiles/cmTryCompileExec960002871.dir/build.make CMakeFiles/cmTryCompileExec960002871.dir/build
make[1]: Entering directory `/mnt/c/Users/JOBZ/Desktop/Work/GAPrac/EXER/CPP_PRAC/MICRO_PROJECTS/NETWORKING_SERIES/SRC_FS_MERGE/EXT_LIBS/libssh2/bin/CMakeFiles/CMakeTmp'
/usr/bin/cmake -E cmake_progress_report /mnt/c/Users/JOBZ/Desktop/Work/GAPrac/EXER/CPP_PRAC/MICRO_PROJECTS/NETWORKING_SERIES/SRC_FS_MERGE/EXT_LIBS/libssh2/bin/CMakeFiles/CMakeTmp/CMakeFiles 1
Building C object CMakeFiles/cmTryCompileExec960002871.dir/CheckIncludeFiles.c.o
/usr/bin/cc   --std=gnu90  -Wall    -o CMakeFiles/cmTryCompileExec960002871.dir/CheckIncludeFiles.c.o   -c /mnt/c/Users/JOBZ/Desktop/Work/GAPrac/EXER/CPP_PRAC/MICRO_PROJECTS/NETWORKING_SERIES/SRC_FS_MERGE/EXT_LIBS/libssh2/bin/CMakeFiles/CMakeTmp/CheckIncludeFiles.c
Linking C executable cmTryCompileExec960002871
/usr/bin/cmake -E cmake_link_script CMakeFiles/cmTryCompileExec960002871.dir/link.txt --verbose=1
/usr/bin/cc  --std=gnu90  -Wall     CMakeFiles/cmTryCompileExec960002871.dir/CheckIncludeFiles.c.o  -o cmTryCompileExec960002871 -rdynamic 
make[1]: Leaving directory `/mnt/c/Users/JOBZ/Desktop/Work/GAPrac/EXER/CPP_PRAC/MICRO_PROJECTS/NETWORKING_SERIES/SRC_FS_MERGE/EXT_LIBS/libssh2/bin/CMakeFiles/CMakeTmp'


Determining if files inttypes.h exist passed with the following output:
Change Dir: /mnt/c/Users/JOBZ/Desktop/Work/GAPrac/EXER/CPP_PRAC/MICRO_PROJECTS/NETWORKING_SERIES/SRC_FS_MERGE/EXT_LIBS/libssh2/bin/CMakeFiles/CMakeTmp

Run Build Command:/usr/bin/make "cmTryCompileExec1282664202/fast"
/usr/bin/make -f CMakeFiles/cmTryCompileExec1282664202.dir/build.make CMakeFiles/cmTryCompileExec1282664202.dir/build
make[1]: Entering directory `/mnt/c/Users/JOBZ/Desktop/Work/GAPrac/EXER/CPP_PRAC/MICRO_PROJECTS/NETWORKING_SERIES/SRC_FS_MERGE/EXT_LIBS/libssh2/bin/CMakeFiles/CMakeTmp'
/usr/bin/cmake -E cmake_progress_report /mnt/c/Users/JOBZ/Desktop/Work/GAPrac/EXER/CPP_PRAC/MICRO_PROJECTS/NETWORKING_SERIES/SRC_FS_MERGE/EXT_LIBS/libssh2/bin/CMakeFiles/CMakeTmp/CMakeFiles 1
Building C object CMakeFiles/cmTryCompileExec1282664202.dir/CheckIncludeFiles.c.o
/usr/bin/cc   --std=gnu90  -Wall    -o CMakeFiles/cmTryCompileExec1282664202.dir/CheckIncludeFiles.c.o   -c /mnt/c/Users/JOBZ/Desktop/Work/GAPrac/EXER/CPP_PRAC/MICRO_PROJECTS/NETWORKING_SERIES/SRC_FS_MERGE/EXT_LIBS/libssh2/bin/CMakeFiles/CMakeTmp/CheckIncludeFiles.c
Linking C executable cmTryCompileExec1282664202
/usr/bin/cmake -E cmake_link_script CMakeFiles/cmTryCompileExec1282664202.dir/link.txt --verbose=1
/usr/bin/cc  --std=gnu90  -Wall     CMakeFiles/cmTryCompileExec1282664202.dir/CheckIncludeFiles.c.o  -o cmTryCompileExec1282664202 -rdynamic 
make[1]: Leaving directory `/mnt/c/Users/JOBZ/Desktop/Work/GAPrac/EXER/CPP_PRAC/MICRO_PROJECTS/NETWORKING_SERIES/SRC_FS_MERGE/EXT_LIBS/libssh2/bin/CMakeFiles/CMakeTmp'


Determining if files stdlib.h exist passed with the following output:
Change Dir: /mnt/c/Users/JOBZ/Desktop/Work/GAPrac/EXER/CPP_PRAC/MICRO_PROJECTS/NETWORKING_SERIES/SRC_FS_MERGE/EXT_LIBS/libssh2/bin/CMakeFiles/CMakeTmp

Run Build Command:/usr/bin/make "cmTryCompileExec1032279475/fast"
/usr/bin/make -f CMakeFiles/cmTryCompileExec1032279475.dir/build.make CMakeFiles/cmTryCompileExec1032279475.dir/build
make[1]: Entering directory `/mnt/c/Users/JOBZ/Desktop/Work/GAPrac/EXER/CPP_PRAC/MICRO_PROJECTS/NETWORKING_SERIES/SRC_FS_MERGE/EXT_LIBS/libssh2/bin/CMakeFiles/CMakeTmp'
/usr/bin/cmake -E cmake_progress_report /mnt/c/Users/JOBZ/Desktop/Work/GAPrac/EXER/CPP_PRAC/MICRO_PROJECTS/NETWORKING_SERIES/SRC_FS_MERGE/EXT_LIBS/libssh2/bin/CMakeFiles/CMakeTmp/CMakeFiles 1
Building C object CMakeFiles/cmTryCompileExec1032279475.dir/CheckIncludeFiles.c.o
/usr/bin/cc   --std=gnu90  -Wall    -o CMakeFiles/cmTryCompileExec1032279475.dir/CheckIncludeFiles.c.o   -c /mnt/c/Users/JOBZ/Desktop/Work/GAPrac/EXER/CPP_PRAC/MICRO_PROJECTS/NETWORKING_SERIES/SRC_FS_MERGE/EXT_LIBS/libssh2/bin/CMakeFiles/CMakeTmp/CheckIncludeFiles.c
Linking C executable cmTryCompileExec1032279475
/usr/bin/cmake -E cmake_link_script CMakeFiles/cmTryCompileExec1032279475.dir/link.txt --verbose=1
/usr/bin/cc  --std=gnu90  -Wall     CMakeFiles/cmTryCompileExec1032279475.dir/CheckIncludeFiles.c.o  -o cmTryCompileExec1032279475 -rdynamic 
make[1]: Leaving directory `/mnt/c/Users/JOBZ/Desktop/Work/GAPrac/EXER/CPP_PRAC/MICRO_PROJECTS/NETWORKING_SERIES/SRC_FS_MERGE/EXT_LIBS/libssh2/bin/CMakeFiles/CMakeTmp'


Determining if files sys/select.h exist passed with the following output:
Change Dir: /mnt/c/Users/JOBZ/Desktop/Work/GAPrac/EXER/CPP_PRAC/MICRO_PROJECTS/NETWORKING_SERIES/SRC_FS_MERGE/EXT_LIBS/libssh2/bin/CMakeFiles/CMakeTmp

Run Build Command:/usr/bin/make "cmTryCompileExec3320153622/fast"
/usr/bin/make -f CMakeFiles/cmTryCompileExec3320153622.dir/build.make CMakeFiles/cmTryCompileExec3320153622.dir/build
make[1]: Entering directory `/mnt/c/Users/JOBZ/Desktop/Work/GAPrac/EXER/CPP_PRAC/MICRO_PROJECTS/NETWORKING_SERIES/SRC_FS_MERGE/EXT_LIBS/libssh2/bin/CMakeFiles/CMakeTmp'
/usr/bin/cmake -E cmake_progress_report /mnt/c/Users/JOBZ/Desktop/Work/GAPrac/EXER/CPP_PRAC/MICRO_PROJECTS/NETWORKING_SERIES/SRC_FS_MERGE/EXT_LIBS/libssh2/bin/CMakeFiles/CMakeTmp/CMakeFiles 1
Building C object CMakeFiles/cmTryCompileExec3320153622.dir/CheckIncludeFiles.c.o
/usr/bin/cc   --std=gnu90  -Wall    -o CMakeFiles/cmTryCompileExec3320153622.dir/CheckIncludeFiles.c.o   -c /mnt/c/Users/JOBZ/Desktop/Work/GAPrac/EXER/CPP_PRAC/MICRO_PROJECTS/NETWORKING_SERIES/SRC_FS_MERGE/EXT_LIBS/libssh2/bin/CMakeFiles/CMakeTmp/CheckIncludeFiles.c
Linking C executable cmTryCompileExec3320153622
/usr/bin/cmake -E cmake_link_script CMakeFiles/cmTryCompileExec3320153622.dir/link.txt --verbose=1
/usr/bin/cc  --std=gnu90  -Wall     CMakeFiles/cmTryCompileExec3320153622.dir/CheckIncludeFiles.c.o  -o cmTryCompileExec3320153622 -rdynamic 
make[1]: Leaving directory `/mnt/c/Users/JOBZ/Desktop/Work/GAPrac/EXER/CPP_PRAC/MICRO_PROJECTS/NETWORKING_SERIES/SRC_FS_MERGE/EXT_LIBS/libssh2/bin/CMakeFiles/CMakeTmp'


Determining if files sys/uio.h exist passed with the following output:
Change Dir: /mnt/c/Users/JOBZ/Desktop/Work/GAPrac/EXER/CPP_PRAC/MICRO_PROJECTS/NETWORKING_SERIES/SRC_FS_MERGE/EXT_LIBS/libssh2/bin/CMakeFiles/CMakeTmp

Run Build Command:/usr/bin/make "cmTryCompileExec4156454158/fast"
/usr/bin/make -f CMakeFiles/cmTryCompileExec4156454158.dir/build.make CMakeFiles/cmTryCompileExec4156454158.dir/build
make[1]: Entering directory `/mnt/c/Users/JOBZ/Desktop/Work/GAPrac/EXER/CPP_PRAC/MICRO_PROJECTS/NETWORKING_SERIES/SRC_FS_MERGE/EXT_LIBS/libssh2/bin/CMakeFiles/CMakeTmp'
/usr/bin/cmake -E cmake_progress_report /mnt/c/Users/JOBZ/Desktop/Work/GAPrac/EXER/CPP_PRAC/MICRO_PROJECTS/NETWORKING_SERIES/SRC_FS_MERGE/EXT_LIBS/libssh2/bin/CMakeFiles/CMakeTmp/CMakeFiles 1
Building C object CMakeFiles/cmTryCompileExec4156454158.dir/CheckIncludeFiles.c.o
/usr/bin/cc   --std=gnu90  -Wall    -o CMakeFiles/cmTryCompileExec4156454158.dir/CheckIncludeFiles.c.o   -c /mnt/c/Users/JOBZ/Desktop/Work/GAPrac/EXER/CPP_PRAC/MICRO_PROJECTS/NETWORKING_SERIES/SRC_FS_MERGE/EXT_LIBS/libssh2/bin/CMakeFiles/CMakeTmp/CheckIncludeFiles.c
Linking C executable cmTryCompileExec4156454158
/usr/bin/cmake -E cmake_link_script CMakeFiles/cmTryCompileExec4156454158.dir/link.txt --verbose=1
/usr/bin/cc  --std=gnu90  -Wall     CMakeFiles/cmTryCompileExec4156454158.dir/CheckIncludeFiles.c.o  -o cmTryCompileExec4156454158 -rdynamic 
make[1]: Leaving directory `/mnt/c/Users/JOBZ/Desktop/Work/GAPrac/EXER/CPP_PRAC/MICRO_PROJECTS/NETWORKING_SERIES/SRC_FS_MERGE/EXT_LIBS/libssh2/bin/CMakeFiles/CMakeTmp'


Determining if files sys/socket.h exist passed with the following output:
Change Dir: /mnt/c/Users/JOBZ/Desktop/Work/GAPrac/EXER/CPP_PRAC/MICRO_PROJECTS/NETWORKING_SERIES/SRC_FS_MERGE/EXT_LIBS/libssh2/bin/CMakeFiles/CMakeTmp

Run Build Command:/usr/bin/make "cmTryCompileExec4109928045/fast"
/usr/bin/make -f CMakeFiles/cmTryCompileExec4109928045.dir/build.make CMakeFiles/cmTryCompileExec4109928045.dir/build
make[1]: Entering directory `/mnt/c/Users/JOBZ/Desktop/Work/GAPrac/EXER/CPP_PRAC/MICRO_PROJECTS/NETWORKING_SERIES/SRC_FS_MERGE/EXT_LIBS/libssh2/bin/CMakeFiles/CMakeTmp'
/usr/bin/cmake -E cmake_progress_report /mnt/c/Users/JOBZ/Desktop/Work/GAPrac/EXER/CPP_PRAC/MICRO_PROJECTS/NETWORKING_SERIES/SRC_FS_MERGE/EXT_LIBS/libssh2/bin/CMakeFiles/CMakeTmp/CMakeFiles 1
Building C object CMakeFiles/cmTryCompileExec4109928045.dir/CheckIncludeFiles.c.o
/usr/bin/cc   --std=gnu90  -Wall    -o CMakeFiles/cmTryCompileExec4109928045.dir/CheckIncludeFiles.c.o   -c /mnt/c/Users/JOBZ/Desktop/Work/GAPrac/EXER/CPP_PRAC/MICRO_PROJECTS/NETWORKING_SERIES/SRC_FS_MERGE/EXT_LIBS/libssh2/bin/CMakeFiles/CMakeTmp/CheckIncludeFiles.c
Linking C executable cmTryCompileExec4109928045
/usr/bin/cmake -E cmake_link_script CMakeFiles/cmTryCompileExec4109928045.dir/link.txt --verbose=1
/usr/bin/cc  --std=gnu90  -Wall     CMakeFiles/cmTryCompileExec4109928045.dir/CheckIncludeFiles.c.o  -o cmTryCompileExec4109928045 -rdynamic 
make[1]: Leaving directory `/mnt/c/Users/JOBZ/Desktop/Work/GAPrac/EXER/CPP_PRAC/MICRO_PROJECTS/NETWORKING_SERIES/SRC_FS_MERGE/EXT_LIBS/libssh2/bin/CMakeFiles/CMakeTmp'


Determining if files sys/ioctl.h exist passed with the following output:
Change Dir: /mnt/c/Users/JOBZ/Desktop/Work/GAPrac/EXER/CPP_PRAC/MICRO_PROJECTS/NETWORKING_SERIES/SRC_FS_MERGE/EXT_LIBS/libssh2/bin/CMakeFiles/CMakeTmp

Run Build Command:/usr/bin/make "cmTryCompileExec1443292477/fast"
/usr/bin/make -f CMakeFiles/cmTryCompileExec1443292477.dir/build.make CMakeFiles/cmTryCompileExec1443292477.dir/build
make[1]: Entering directory `/mnt/c/Users/JOBZ/Desktop/Work/GAPrac/EXER/CPP_PRAC/MICRO_PROJECTS/NETWORKING_SERIES/SRC_FS_MERGE/EXT_LIBS/libssh2/bin/CMakeFiles/CMakeTmp'
/usr/bin/cmake -E cmake_progress_report /mnt/c/Users/JOBZ/Desktop/Work/GAPrac/EXER/CPP_PRAC/MICRO_PROJECTS/NETWORKING_SERIES/SRC_FS_MERGE/EXT_LIBS/libssh2/bin/CMakeFiles/CMakeTmp/CMakeFiles 1
Building C object CMakeFiles/cmTryCompileExec1443292477.dir/CheckIncludeFiles.c.o
/usr/bin/cc   --std=gnu90  -Wall    -o CMakeFiles/cmTryCompileExec1443292477.dir/CheckIncludeFiles.c.o   -c /mnt/c/Users/JOBZ/Desktop/Work/GAPrac/EXER/CPP_PRAC/MICRO_PROJECTS/NETWORKING_SERIES/SRC_FS_MERGE/EXT_LIBS/libssh2/bin/CMakeFiles/CMakeTmp/CheckIncludeFiles.c
Linking C executable cmTryCompileExec1443292477
/usr/bin/cmake -E cmake_link_script CMakeFiles/cmTryCompileExec1443292477.dir/link.txt --verbose=1
/usr/bin/cc  --std=gnu90  -Wall     CMakeFiles/cmTryCompileExec1443292477.dir/CheckIncludeFiles.c.o  -o cmTryCompileExec1443292477 -rdynamic 
make[1]: Leaving directory `/mnt/c/Users/JOBZ/Desktop/Work/GAPrac/EXER/CPP_PRAC/MICRO_PROJECTS/NETWORKING_SERIES/SRC_FS_MERGE/EXT_LIBS/libssh2/bin/CMakeFiles/CMakeTmp'


Determining if files sys/time.h exist passed with the following output:
Change Dir: /mnt/c/Users/JOBZ/Desktop/Work/GAPrac/EXER/CPP_PRAC/MICRO_PROJECTS/NETWORKING_SERIES/SRC_FS_MERGE/EXT_LIBS/libssh2/bin/CMakeFiles/CMakeTmp

Run Build Command:/usr/bin/make "cmTryCompileExec3991313529/fast"
/usr/bin/make -f CMakeFiles/cmTryCompileExec3991313529.dir/build.make CMakeFiles/cmTryCompileExec3991313529.dir/build
make[1]: Entering directory `/mnt/c/Users/JOBZ/Desktop/Work/GAPrac/EXER/CPP_PRAC/MICRO_PROJECTS/NETWORKING_SERIES/SRC_FS_MERGE/EXT_LIBS/libssh2/bin/CMakeFiles/CMakeTmp'
/usr/bin/cmake -E cmake_progress_report /mnt/c/Users/JOBZ/Desktop/Work/GAPrac/EXER/CPP_PRAC/MICRO_PROJECTS/NETWORKING_SERIES/SRC_FS_MERGE/EXT_LIBS/libssh2/bin/CMakeFiles/CMakeTmp/CMakeFiles 1
Building C object CMakeFiles/cmTryCompileExec3991313529.dir/CheckIncludeFiles.c.o
/usr/bin/cc   --std=gnu90  -Wall    -o CMakeFiles/cmTryCompileExec3991313529.dir/CheckIncludeFiles.c.o   -c /mnt/c/Users/JOBZ/Desktop/Work/GAPrac/EXER/CPP_PRAC/MICRO_PROJECTS/NETWORKING_SERIES/SRC_FS_MERGE/EXT_LIBS/libssh2/bin/CMakeFiles/CMakeTmp/CheckIncludeFiles.c
Linking C executable cmTryCompileExec3991313529
/usr/bin/cmake -E cmake_link_script CMakeFiles/cmTryCompileExec3991313529.dir/link.txt --verbose=1
/usr/bin/cc  --std=gnu90  -Wall     CMakeFiles/cmTryCompileExec3991313529.dir/CheckIncludeFiles.c.o  -o cmTryCompileExec3991313529 -rdynamic 
make[1]: Leaving directory `/mnt/c/Users/JOBZ/Desktop/Work/GAPrac/EXER/CPP_PRAC/MICRO_PROJECTS/NETWORKING_SERIES/SRC_FS_MERGE/EXT_LIBS/libssh2/bin/CMakeFiles/CMakeTmp'


Determining if files sys/un.h exist passed with the following output:
Change Dir: /mnt/c/Users/JOBZ/Desktop/Work/GAPrac/EXER/CPP_PRAC/MICRO_PROJECTS/NETWORKING_SERIES/SRC_FS_MERGE/EXT_LIBS/libssh2/bin/CMakeFiles/CMakeTmp

Run Build Command:/usr/bin/make "cmTryCompileExec238400224/fast"
/usr/bin/make -f CMakeFiles/cmTryCompileExec238400224.dir/build.make CMakeFiles/cmTryCompileExec238400224.dir/build
make[1]: Entering directory `/mnt/c/Users/JOBZ/Desktop/Work/GAPrac/EXER/CPP_PRAC/MICRO_PROJECTS/NETWORKING_SERIES/SRC_FS_MERGE/EXT_LIBS/libssh2/bin/CMakeFiles/CMakeTmp'
/usr/bin/cmake -E cmake_progress_report /mnt/c/Users/JOBZ/Desktop/Work/GAPrac/EXER/CPP_PRAC/MICRO_PROJECTS/NETWORKING_SERIES/SRC_FS_MERGE/EXT_LIBS/libssh2/bin/CMakeFiles/CMakeTmp/CMakeFiles 1
Building C object CMakeFiles/cmTryCompileExec238400224.dir/CheckIncludeFiles.c.o
/usr/bin/cc   --std=gnu90  -Wall    -o CMakeFiles/cmTryCompileExec238400224.dir/CheckIncludeFiles.c.o   -c /mnt/c/Users/JOBZ/Desktop/Work/GAPrac/EXER/CPP_PRAC/MICRO_PROJECTS/NETWORKING_SERIES/SRC_FS_MERGE/EXT_LIBS/libssh2/bin/CMakeFiles/CMakeTmp/CheckIncludeFiles.c
Linking C executable cmTryCompileExec238400224
/usr/bin/cmake -E cmake_link_script CMakeFiles/cmTryCompileExec238400224.dir/link.txt --verbose=1
/usr/bin/cc  --std=gnu90  -Wall     CMakeFiles/cmTryCompileExec238400224.dir/CheckIncludeFiles.c.o  -o cmTryCompileExec238400224 -rdynamic 
make[1]: Leaving directory `/mnt/c/Users/JOBZ/Desktop/Work/GAPrac/EXER/CPP_PRAC/MICRO_PROJECTS/NETWORKING_SERIES/SRC_FS_MERGE/EXT_LIBS/libssh2/bin/CMakeFiles/CMakeTmp'


Determining if the include file sys/types.h exists passed with the following output:
Change Dir: /mnt/c/Users/JOBZ/Desktop/Work/GAPrac/EXER/CPP_PRAC/MICRO_PROJECTS/NETWORKING_SERIES/SRC_FS_MERGE/EXT_LIBS/libssh2/bin/CMakeFiles/CMakeTmp

Run Build Command:/usr/bin/make "cmTryCompileExec3189808082/fast"
/usr/bin/make -f CMakeFiles/cmTryCompileExec3189808082.dir/build.make CMakeFiles/cmTryCompileExec3189808082.dir/build
make[1]: Entering directory `/mnt/c/Users/JOBZ/Desktop/Work/GAPrac/EXER/CPP_PRAC/MICRO_PROJECTS/NETWORKING_SERIES/SRC_FS_MERGE/EXT_LIBS/libssh2/bin/CMakeFiles/CMakeTmp'
/usr/bin/cmake -E cmake_progress_report /mnt/c/Users/JOBZ/Desktop/Work/GAPrac/EXER/CPP_PRAC/MICRO_PROJECTS/NETWORKING_SERIES/SRC_FS_MERGE/EXT_LIBS/libssh2/bin/CMakeFiles/CMakeTmp/CMakeFiles 1
Building C object CMakeFiles/cmTryCompileExec3189808082.dir/CheckIncludeFile.c.o
/usr/bin/cc   --std=gnu90  -Wall    -o CMakeFiles/cmTryCompileExec3189808082.dir/CheckIncludeFile.c.o   -c /mnt/c/Users/JOBZ/Desktop/Work/GAPrac/EXER/CPP_PRAC/MICRO_PROJECTS/NETWORKING_SERIES/SRC_FS_MERGE/EXT_LIBS/libssh2/bin/CMakeFiles/CMakeTmp/CheckIncludeFile.c
Linking C executable cmTryCompileExec3189808082
/usr/bin/cmake -E cmake_link_script CMakeFiles/cmTryCompileExec3189808082.dir/link.txt --verbose=1
/usr/bin/cc  --std=gnu90  -Wall     CMakeFiles/cmTryCompileExec3189808082.dir/CheckIncludeFile.c.o  -o cmTryCompileExec3189808082 -rdynamic 
make[1]: Leaving directory `/mnt/c/Users/JOBZ/Desktop/Work/GAPrac/EXER/CPP_PRAC/MICRO_PROJECTS/NETWORKING_SERIES/SRC_FS_MERGE/EXT_LIBS/libssh2/bin/CMakeFiles/CMakeTmp'


Determining if the include file stdint.h exists passed with the following output:
Change Dir: /mnt/c/Users/JOBZ/Desktop/Work/GAPrac/EXER/CPP_PRAC/MICRO_PROJECTS/NETWORKING_SERIES/SRC_FS_MERGE/EXT_LIBS/libssh2/bin/CMakeFiles/CMakeTmp

Run Build Command:/usr/bin/make "cmTryCompileExec2453757825/fast"
/usr/bin/make -f CMakeFiles/cmTryCompileExec2453757825.dir/build.make CMakeFiles/cmTryCompileExec2453757825.dir/build
make[1]: Entering directory `/mnt/c/Users/JOBZ/Desktop/Work/GAPrac/EXER/CPP_PRAC/MICRO_PROJECTS/NETWORKING_SERIES/SRC_FS_MERGE/EXT_LIBS/libssh2/bin/CMakeFiles/CMakeTmp'
/usr/bin/cmake -E cmake_progress_report /mnt/c/Users/JOBZ/Desktop/Work/GAPrac/EXER/CPP_PRAC/MICRO_PROJECTS/NETWORKING_SERIES/SRC_FS_MERGE/EXT_LIBS/libssh2/bin/CMakeFiles/CMakeTmp/CMakeFiles 1
Building C object CMakeFiles/cmTryCompileExec2453757825.dir/CheckIncludeFile.c.o
/usr/bin/cc   --std=gnu90  -Wall    -o CMakeFiles/cmTryCompileExec2453757825.dir/CheckIncludeFile.c.o   -c /mnt/c/Users/JOBZ/Desktop/Work/GAPrac/EXER/CPP_PRAC/MICRO_PROJECTS/NETWORKING_SERIES/SRC_FS_MERGE/EXT_LIBS/libssh2/bin/CMakeFiles/CMakeTmp/CheckIncludeFile.c
Linking C executable cmTryCompileExec2453757825
/usr/bin/cmake -E cmake_link_script CMakeFiles/cmTryCompileExec2453757825.dir/link.txt --verbose=1
/usr/bin/cc  --std=gnu90  -Wall     CMakeFiles/cmTryCompileExec2453757825.dir/CheckIncludeFile.c.o  -o cmTryCompileExec2453757825 -rdynamic 
make[1]: Leaving directory `/mnt/c/Users/JOBZ/Desktop/Work/GAPrac/EXER/CPP_PRAC/MICRO_PROJECTS/NETWORKING_SERIES/SRC_FS_MERGE/EXT_LIBS/libssh2/bin/CMakeFiles/CMakeTmp'


Determining if the include file stddef.h exists passed with the following output:
Change Dir: /mnt/c/Users/JOBZ/Desktop/Work/GAPrac/EXER/CPP_PRAC/MICRO_PROJECTS/NETWORKING_SERIES/SRC_FS_MERGE/EXT_LIBS/libssh2/bin/CMakeFiles/CMakeTmp

Run Build Command:/usr/bin/make "cmTryCompileExec4086230554/fast"
/usr/bin/make -f CMakeFiles/cmTryCompileExec4086230554.dir/build.make CMakeFiles/cmTryCompileExec4086230554.dir/build
make[1]: Entering directory `/mnt/c/Users/JOBZ/Desktop/Work/GAPrac/EXER/CPP_PRAC/MICRO_PROJECTS/NETWORKING_SERIES/SRC_FS_MERGE/EXT_LIBS/libssh2/bin/CMakeFiles/CMakeTmp'
/usr/bin/cmake -E cmake_progress_report /mnt/c/Users/JOBZ/Desktop/Work/GAPrac/EXER/CPP_PRAC/MICRO_PROJECTS/NETWORKING_SERIES/SRC_FS_MERGE/EXT_LIBS/libssh2/bin/CMakeFiles/CMakeTmp/CMakeFiles 1
Building C object CMakeFiles/cmTryCompileExec4086230554.dir/CheckIncludeFile.c.o
/usr/bin/cc   --std=gnu90  -Wall    -o CMakeFiles/cmTryCompileExec4086230554.dir/CheckIncludeFile.c.o   -c /mnt/c/Users/JOBZ/Desktop/Work/GAPrac/EXER/CPP_PRAC/MICRO_PROJECTS/NETWORKING_SERIES/SRC_FS_MERGE/EXT_LIBS/libssh2/bin/CMakeFiles/CMakeTmp/CheckIncludeFile.c
Linking C executable cmTryCompileExec4086230554
/usr/bin/cmake -E cmake_link_script CMakeFiles/cmTryCompileExec4086230554.dir/link.txt --verbose=1
/usr/bin/cc  --std=gnu90  -Wall     CMakeFiles/cmTryCompileExec4086230554.dir/CheckIncludeFile.c.o  -o cmTryCompileExec4086230554 -rdynamic 
make[1]: Leaving directory `/mnt/c/Users/JOBZ/Desktop/Work/GAPrac/EXER/CPP_PRAC/MICRO_PROJECTS/NETWORKING_SERIES/SRC_FS_MERGE/EXT_LIBS/libssh2/bin/CMakeFiles/CMakeTmp'


Determining size of long long passed with the following output:
Change Dir: /mnt/c/Users/JOBZ/Desktop/Work/GAPrac/EXER/CPP_PRAC/MICRO_PROJECTS/NETWORKING_SERIES/SRC_FS_MERGE/EXT_LIBS/libssh2/bin/CMakeFiles/CMakeTmp

Run Build Command:/usr/bin/make "cmTryCompileExec2238599614/fast"
/usr/bin/make -f CMakeFiles/cmTryCompileExec2238599614.dir/build.make CMakeFiles/cmTryCompileExec2238599614.dir/build
make[1]: Entering directory `/mnt/c/Users/JOBZ/Desktop/Work/GAPrac/EXER/CPP_PRAC/MICRO_PROJECTS/NETWORKING_SERIES/SRC_FS_MERGE/EXT_LIBS/libssh2/bin/CMakeFiles/CMakeTmp'
/usr/bin/cmake -E cmake_progress_report /mnt/c/Users/JOBZ/Desktop/Work/GAPrac/EXER/CPP_PRAC/MICRO_PROJECTS/NETWORKING_SERIES/SRC_FS_MERGE/EXT_LIBS/libssh2/bin/CMakeFiles/CMakeTmp/CMakeFiles 1
Building C object CMakeFiles/cmTryCompileExec2238599614.dir/LONGLONG.c.o
/usr/bin/cc   --std=gnu90  -Wall    -o CMakeFiles/cmTryCompileExec2238599614.dir/LONGLONG.c.o   -c /mnt/c/Users/JOBZ/Desktop/Work/GAPrac/EXER/CPP_PRAC/MICRO_PROJECTS/NETWORKING_SERIES/SRC_FS_MERGE/EXT_LIBS/libssh2/bin/CMakeFiles/CheckTypeSize/LONGLONG.c
Linking C executable cmTryCompileExec2238599614
/usr/bin/cmake -E cmake_link_script CMakeFiles/cmTryCompileExec2238599614.dir/link.txt --verbose=1
/usr/bin/cc  --std=gnu90  -Wall     CMakeFiles/cmTryCompileExec2238599614.dir/LONGLONG.c.o  -o cmTryCompileExec2238599614 -rdynamic 
make[1]: Leaving directory `/mnt/c/Users/JOBZ/Desktop/Work/GAPrac/EXER/CPP_PRAC/MICRO_PROJECTS/NETWORKING_SERIES/SRC_FS_MERGE/EXT_LIBS/libssh2/bin/CMakeFiles/CMakeTmp'


Determining if the gettimeofday exist passed with the following output:
Change Dir: /mnt/c/Users/JOBZ/Desktop/Work/GAPrac/EXER/CPP_PRAC/MICRO_PROJECTS/NETWORKING_SERIES/SRC_FS_MERGE/EXT_LIBS/libssh2/bin/CMakeFiles/CMakeTmp

Run Build Command:/usr/bin/make "cmTryCompileExec3154754763/fast"
/usr/bin/make -f CMakeFiles/cmTryCompileExec3154754763.dir/build.make CMakeFiles/cmTryCompileExec3154754763.dir/build
make[1]: Entering directory `/mnt/c/Users/JOBZ/Desktop/Work/GAPrac/EXER/CPP_PRAC/MICRO_PROJECTS/NETWORKING_SERIES/SRC_FS_MERGE/EXT_LIBS/libssh2/bin/CMakeFiles/CMakeTmp'
/usr/bin/cmake -E cmake_progress_report /mnt/c/Users/JOBZ/Desktop/Work/GAPrac/EXER/CPP_PRAC/MICRO_PROJECTS/NETWORKING_SERIES/SRC_FS_MERGE/EXT_LIBS/libssh2/bin/CMakeFiles/CMakeTmp/CMakeFiles 1
Building C object CMakeFiles/cmTryCompileExec3154754763.dir/CheckSymbolExists.c.o
/usr/bin/cc   --std=gnu90  -Wall    -o CMakeFiles/cmTryCompileExec3154754763.dir/CheckSymbolExists.c.o   -c /mnt/c/Users/JOBZ/Desktop/Work/GAPrac/EXER/CPP_PRAC/MICRO_PROJECTS/NETWORKING_SERIES/SRC_FS_MERGE/EXT_LIBS/libssh2/bin/CMakeFiles/CMakeTmp/CheckSymbolExists.c
Linking C executable cmTryCompileExec3154754763
/usr/bin/cmake -E cmake_link_script CMakeFiles/cmTryCompileExec3154754763.dir/link.txt --verbose=1
/usr/bin/cc  --std=gnu90  -Wall     CMakeFiles/cmTryCompileExec3154754763.dir/CheckSymbolExists.c.o  -o cmTryCompileExec3154754763 -rdynamic 
make[1]: Leaving directory `/mnt/c/Users/JOBZ/Desktop/Work/GAPrac/EXER/CPP_PRAC/MICRO_PROJECTS/NETWORKING_SERIES/SRC_FS_MERGE/EXT_LIBS/libssh2/bin/CMakeFiles/CMakeTmp'

File /mnt/c/Users/JOBZ/Desktop/Work/GAPrac/EXER/CPP_PRAC/MICRO_PROJECTS/NETWORKING_SERIES/SRC_FS_MERGE/EXT_LIBS/libssh2/bin/CMakeFiles/CMakeTmp/CheckSymbolExists.c:
/* */
#include <sys/time.h>

int main(int argc, char** argv)
{
  (void)argv;
#ifndef gettimeofday
  return ((int*)(&gettimeofday))[argc];
#else
  (void)argc;
  return 0;
#endif
}

Determining if the strtoll exist passed with the following output:
Change Dir: /mnt/c/Users/JOBZ/Desktop/Work/GAPrac/EXER/CPP_PRAC/MICRO_PROJECTS/NETWORKING_SERIES/SRC_FS_MERGE/EXT_LIBS/libssh2/bin/CMakeFiles/CMakeTmp

Run Build Command:/usr/bin/make "cmTryCompileExec1556442145/fast"
/usr/bin/make -f CMakeFiles/cmTryCompileExec1556442145.dir/build.make CMakeFiles/cmTryCompileExec1556442145.dir/build
make[1]: Entering directory `/mnt/c/Users/JOBZ/Desktop/Work/GAPrac/EXER/CPP_PRAC/MICRO_PROJECTS/NETWORKING_SERIES/SRC_FS_MERGE/EXT_LIBS/libssh2/bin/CMakeFiles/CMakeTmp'
/usr/bin/cmake -E cmake_progress_report /mnt/c/Users/JOBZ/Desktop/Work/GAPrac/EXER/CPP_PRAC/MICRO_PROJECTS/NETWORKING_SERIES/SRC_FS_MERGE/EXT_LIBS/libssh2/bin/CMakeFiles/CMakeTmp/CMakeFiles 1
Building C object CMakeFiles/cmTryCompileExec1556442145.dir/CheckSymbolExists.c.o
/usr/bin/cc   --std=gnu90  -Wall    -o CMakeFiles/cmTryCompileExec1556442145.dir/CheckSymbolExists.c.o   -c /mnt/c/Users/JOBZ/Desktop/Work/GAPrac/EXER/CPP_PRAC/MICRO_PROJECTS/NETWORKING_SERIES/SRC_FS_MERGE/EXT_LIBS/libssh2/bin/CMakeFiles/CMakeTmp/CheckSymbolExists.c
Linking C executable cmTryCompileExec1556442145
/usr/bin/cmake -E cmake_link_script CMakeFiles/cmTryCompileExec1556442145.dir/link.txt --verbose=1
/usr/bin/cc  --std=gnu90  -Wall     CMakeFiles/cmTryCompileExec1556442145.dir/CheckSymbolExists.c.o  -o cmTryCompileExec1556442145 -rdynamic 
make[1]: Leaving directory `/mnt/c/Users/JOBZ/Desktop/Work/GAPrac/EXER/CPP_PRAC/MICRO_PROJECTS/NETWORKING_SERIES/SRC_FS_MERGE/EXT_LIBS/libssh2/bin/CMakeFiles/CMakeTmp'

File /mnt/c/Users/JOBZ/Desktop/Work/GAPrac/EXER/CPP_PRAC/MICRO_PROJECTS/NETWORKING_SERIES/SRC_FS_MERGE/EXT_LIBS/libssh2/bin/CMakeFiles/CMakeTmp/CheckSymbolExists.c:
/* */
#include <stdlib.h>

int main(int argc, char** argv)
{
  (void)argv;
#ifndef strtoll
  return ((int*)(&strtoll))[argc];
#else
  (void)argc;
  return 0;
#endif
}

Determining if the snprintf exist passed with the following output:
Change Dir: /mnt/c/Users/JOBZ/Desktop/Work/GAPrac/EXER/CPP_PRAC/MICRO_PROJECTS/NETWORKING_SERIES/SRC_FS_MERGE/EXT_LIBS/libssh2/bin/CMakeFiles/CMakeTmp

Run Build Command:/usr/bin/make "cmTryCompileExec412578551/fast"
/usr/bin/make -f CMakeFiles/cmTryCompileExec412578551.dir/build.make CMakeFiles/cmTryCompileExec412578551.dir/build
make[1]: Entering directory `/mnt/c/Users/JOBZ/Desktop/Work/GAPrac/EXER/CPP_PRAC/MICRO_PROJECTS/NETWORKING_SERIES/SRC_FS_MERGE/EXT_LIBS/libssh2/bin/CMakeFiles/CMakeTmp'
/usr/bin/cmake -E cmake_progress_report /mnt/c/Users/JOBZ/Desktop/Work/GAPrac/EXER/CPP_PRAC/MICRO_PROJECTS/NETWORKING_SERIES/SRC_FS_MERGE/EXT_LIBS/libssh2/bin/CMakeFiles/CMakeTmp/CMakeFiles 1
Building C object CMakeFiles/cmTryCompileExec412578551.dir/CheckSymbolExists.c.o
/usr/bin/cc   --std=gnu90  -Wall    -o CMakeFiles/cmTryCompileExec412578551.dir/CheckSymbolExists.c.o   -c /mnt/c/Users/JOBZ/Desktop/Work/GAPrac/EXER/CPP_PRAC/MICRO_PROJECTS/NETWORKING_SERIES/SRC_FS_MERGE/EXT_LIBS/libssh2/bin/CMakeFiles/CMakeTmp/CheckSymbolExists.c
Linking C executable cmTryCompileExec412578551
/usr/bin/cmake -E cmake_link_script CMakeFiles/cmTryCompileExec412578551.dir/link.txt --verbose=1
/usr/bin/cc  --std=gnu90  -Wall     CMakeFiles/cmTryCompileExec412578551.dir/CheckSymbolExists.c.o  -o cmTryCompileExec412578551 -rdynamic 
make[1]: Leaving directory `/mnt/c/Users/JOBZ/Desktop/Work/GAPrac/EXER/CPP_PRAC/MICRO_PROJECTS/NETWORKING_SERIES/SRC_FS_MERGE/EXT_LIBS/libssh2/bin/CMakeFiles/CMakeTmp'

File /mnt/c/Users/JOBZ/Desktop/Work/GAPrac/EXER/CPP_PRAC/MICRO_PROJECTS/NETWORKING_SERIES/SRC_FS_MERGE/EXT_LIBS/libssh2/bin/CMakeFiles/CMakeTmp/CheckSymbolExists.c:
/* */
#include <stdio.h>

int main(int argc, char** argv)
{
  (void)argv;
#ifndef snprintf
  return ((int*)(&snprintf))[argc];
#else
  (void)argc;
  return 0;
#endif
}

Determining if the function poll exists passed with the following output:
Change Dir: /mnt/c/Users/JOBZ/Desktop/Work/GAPrac/EXER/CPP_PRAC/MICRO_PROJECTS/NETWORKING_SERIES/SRC_FS_MERGE/EXT_LIBS/libssh2/bin/CMakeFiles/CMakeTmp

Run Build Command:/usr/bin/make "cmTryCompileExec382303607/fast"
/usr/bin/make -f CMakeFiles/cmTryCompileExec382303607.dir/build.make CMakeFiles/cmTryCompileExec382303607.dir/build
make[1]: Entering directory `/mnt/c/Users/JOBZ/Desktop/Work/GAPrac/EXER/CPP_PRAC/MICRO_PROJECTS/NETWORKING_SERIES/SRC_FS_MERGE/EXT_LIBS/libssh2/bin/CMakeFiles/CMakeTmp'
/usr/bin/cmake -E cmake_progress_report /mnt/c/Users/JOBZ/Desktop/Work/GAPrac/EXER/CPP_PRAC/MICRO_PROJECTS/NETWORKING_SERIES/SRC_FS_MERGE/EXT_LIBS/libssh2/bin/CMakeFiles/CMakeTmp/CMakeFiles 1
Building C object CMakeFiles/cmTryCompileExec382303607.dir/CheckFunctionExists.c.o
/usr/bin/cc   --std=gnu90  -Wall -DCHECK_FUNCTION_EXISTS=poll   -o CMakeFiles/cmTryCompileExec382303607.dir/CheckFunctionExists.c.o   -c /usr/share/cmake-2.8/Modules/CheckFunctionExists.c
Linking C executable cmTryCompileExec382303607
/usr/bin/cmake -E cmake_link_script CMakeFiles/cmTryCompileExec382303607.dir/link.txt --verbose=1
/usr/bin/cc  --std=gnu90  -Wall -DCHECK_FUNCTION_EXISTS=poll    CMakeFiles/cmTryCompileExec382303607.dir/CheckFunctionExists.c.o  -o cmTryCompileExec382303607 -rdynamic 
make[1]: Leaving directory `/mnt/c/Users/JOBZ/Desktop/Work/GAPrac/EXER/CPP_PRAC/MICRO_PROJECTS/NETWORKING_SERIES/SRC_FS_MERGE/EXT_LIBS/libssh2/bin/CMakeFiles/CMakeTmp'


Determining if the function socket exists passed with the following output:
Change Dir: /mnt/c/Users/JOBZ/Desktop/Work/GAPrac/EXER/CPP_PRAC/MICRO_PROJECTS/NETWORKING_SERIES/SRC_FS_MERGE/EXT_LIBS/libssh2/bin/CMakeFiles/CMakeTmp

Run Build Command:/usr/bin/make "cmTryCompileExec1103648866/fast"
/usr/bin/make -f CMakeFiles/cmTryCompileExec1103648866.dir/build.make CMakeFiles/cmTryCompileExec1103648866.dir/build
make[1]: Entering directory `/mnt/c/Users/JOBZ/Desktop/Work/GAPrac/EXER/CPP_PRAC/MICRO_PROJECTS/NETWORKING_SERIES/SRC_FS_MERGE/EXT_LIBS/libssh2/bin/CMakeFiles/CMakeTmp'
/usr/bin/cmake -E cmake_progress_report /mnt/c/Users/JOBZ/Desktop/Work/GAPrac/EXER/CPP_PRAC/MICRO_PROJECTS/NETWORKING_SERIES/SRC_FS_MERGE/EXT_LIBS/libssh2/bin/CMakeFiles/CMakeTmp/CMakeFiles 1
Building C object CMakeFiles/cmTryCompileExec1103648866.dir/CheckFunctionExists.c.o
/usr/bin/cc   --std=gnu90  -Wall -DCHECK_FUNCTION_EXISTS=socket   -o CMakeFiles/cmTryCompileExec1103648866.dir/CheckFunctionExists.c.o   -c /usr/share/cmake-2.8/Modules/CheckFunctionExists.c
Linking C executable cmTryCompileExec1103648866
/usr/bin/cmake -E cmake_link_script CMakeFiles/cmTryCompileExec1103648866.dir/link.txt --verbose=1
/usr/bin/cc  --std=gnu90  -Wall -DCHECK_FUNCTION_EXISTS=socket    CMakeFiles/cmTryCompileExec1103648866.dir/CheckFunctionExists.c.o  -o cmTryCompileExec1103648866 -rdynamic 
make[1]: Leaving directory `/mnt/c/Users/JOBZ/Desktop/Work/GAPrac/EXER/CPP_PRAC/MICRO_PROJECTS/NETWORKING_SERIES/SRC_FS_MERGE/EXT_LIBS/libssh2/bin/CMakeFiles/CMakeTmp'


Determining if the function select exists passed with the following output:
Change Dir: /mnt/c/Users/JOBZ/Desktop/Work/GAPrac/EXER/CPP_PRAC/MICRO_PROJECTS/NETWORKING_SERIES/SRC_FS_MERGE/EXT_LIBS/libssh2/bin/CMakeFiles/CMakeTmp

Run Build Command:/usr/bin/make "cmTryCompileExec354352437/fast"
/usr/bin/make -f CMakeFiles/cmTryCompileExec354352437.dir/build.make CMakeFiles/cmTryCompileExec354352437.dir/build
make[1]: Entering directory `/mnt/c/Users/JOBZ/Desktop/Work/GAPrac/EXER/CPP_PRAC/MICRO_PROJECTS/NETWORKING_SERIES/SRC_FS_MERGE/EXT_LIBS/libssh2/bin/CMakeFiles/CMakeTmp'
/usr/bin/cmake -E cmake_progress_report /mnt/c/Users/JOBZ/Desktop/Work/GAPrac/EXER/CPP_PRAC/MICRO_PROJECTS/NETWORKING_SERIES/SRC_FS_MERGE/EXT_LIBS/libssh2/bin/CMakeFiles/CMakeTmp/CMakeFiles 1
Building C object CMakeFiles/cmTryCompileExec354352437.dir/CheckFunctionExists.c.o
/usr/bin/cc   --std=gnu90  -Wall -DCHECK_FUNCTION_EXISTS=select   -o CMakeFiles/cmTryCompileExec354352437.dir/CheckFunctionExists.c.o   -c /usr/share/cmake-2.8/Modules/CheckFunctionExists.c
Linking C executable cmTryCompileExec354352437
/usr/bin/cmake -E cmake_link_script CMakeFiles/cmTryCompileExec354352437.dir/link.txt --verbose=1
/usr/bin/cc  --std=gnu90  -Wall -DCHECK_FUNCTION_EXISTS=select    CMakeFiles/cmTryCompileExec354352437.dir/CheckFunctionExists.c.o  -o cmTryCompileExec354352437 -rdynamic 
make[1]: Leaving directory `/mnt/c/Users/JOBZ/Desktop/Work/GAPrac/EXER/CPP_PRAC/MICRO_PROJECTS/NETWORKING_SERIES/SRC_FS_MERGE/EXT_LIBS/libssh2/bin/CMakeFiles/CMakeTmp'


Determining if the function inet_addr exists passed with the following output:
Change Dir: /mnt/c/Users/JOBZ/Desktop/Work/GAPrac/EXER/CPP_PRAC/MICRO_PROJECTS/NETWORKING_SERIES/SRC_FS_MERGE/EXT_LIBS/libssh2/bin/CMakeFiles/CMakeTmp

Run Build Command:/usr/bin/make "cmTryCompileExec3613812081/fast"
/usr/bin/make -f CMakeFiles/cmTryCompileExec3613812081.dir/build.make CMakeFiles/cmTryCompileExec3613812081.dir/build
make[1]: Entering directory `/mnt/c/Users/JOBZ/Desktop/Work/GAPrac/EXER/CPP_PRAC/MICRO_PROJECTS/NETWORKING_SERIES/SRC_FS_MERGE/EXT_LIBS/libssh2/bin/CMakeFiles/CMakeTmp'
/usr/bin/cmake -E cmake_progress_report /mnt/c/Users/JOBZ/Desktop/Work/GAPrac/EXER/CPP_PRAC/MICRO_PROJECTS/NETWORKING_SERIES/SRC_FS_MERGE/EXT_LIBS/libssh2/bin/CMakeFiles/CMakeTmp/CMakeFiles 1
Building C object CMakeFiles/cmTryCompileExec3613812081.dir/CheckFunctionExists.c.o
/usr/bin/cc   --std=gnu90  -Wall -DCHECK_FUNCTION_EXISTS=inet_addr   -o CMakeFiles/cmTryCompileExec3613812081.dir/CheckFunctionExists.c.o   -c /usr/share/cmake-2.8/Modules/CheckFunctionExists.c
Linking C executable cmTryCompileExec3613812081
/usr/bin/cmake -E cmake_link_script CMakeFiles/cmTryCompileExec3613812081.dir/link.txt --verbose=1
/usr/bin/cc  --std=gnu90  -Wall -DCHECK_FUNCTION_EXISTS=inet_addr    CMakeFiles/cmTryCompileExec3613812081.dir/CheckFunctionExists.c.o  -o cmTryCompileExec3613812081 -rdynamic 
make[1]: Leaving directory `/mnt/c/Users/JOBZ/Desktop/Work/GAPrac/EXER/CPP_PRAC/MICRO_PROJECTS/NETWORKING_SERIES/SRC_FS_MERGE/EXT_LIBS/libssh2/bin/CMakeFiles/CMakeTmp'


Performing C SOURCE FILE Test HAVE_O_NONBLOCK succeded with the following output:
Change Dir: /mnt/c/Users/JOBZ/Desktop/Work/GAPrac/EXER/CPP_PRAC/MICRO_PROJECTS/NETWORKING_SERIES/SRC_FS_MERGE/EXT_LIBS/libssh2/bin/CMakeFiles/CMakeTmp

Run Build Command:/usr/bin/make "cmTryCompileExec464243272/fast"
/usr/bin/make -f CMakeFiles/cmTryCompileExec464243272.dir/build.make CMakeFiles/cmTryCompileExec464243272.dir/build
make[1]: Entering directory `/mnt/c/Users/JOBZ/Desktop/Work/GAPrac/EXER/CPP_PRAC/MICRO_PROJECTS/NETWORKING_SERIES/SRC_FS_MERGE/EXT_LIBS/libssh2/bin/CMakeFiles/CMakeTmp'
/usr/bin/cmake -E cmake_progress_report /mnt/c/Users/JOBZ/Desktop/Work/GAPrac/EXER/CPP_PRAC/MICRO_PROJECTS/NETWORKING_SERIES/SRC_FS_MERGE/EXT_LIBS/libssh2/bin/CMakeFiles/CMakeTmp/CMakeFiles 1
Building C object CMakeFiles/cmTryCompileExec464243272.dir/src.c.o
/usr/bin/cc   --std=gnu90  -Wall -DHAVE_O_NONBLOCK   -o CMakeFiles/cmTryCompileExec464243272.dir/src.c.o   -c /mnt/c/Users/JOBZ/Desktop/Work/GAPrac/EXER/CPP_PRAC/MICRO_PROJECTS/NETWORKING_SERIES/SRC_FS_MERGE/EXT_LIBS/libssh2/bin/CMakeFiles/CMakeTmp/src.c
/mnt/c/Users/JOBZ/Desktop/Work/GAPrac/EXER/CPP_PRAC/MICRO_PROJECTS/NETWORKING_SERIES/SRC_FS_MERGE/EXT_LIBS/libssh2/bin/CMakeFiles/CMakeTmp/src.c: In function ‘main’:
/mnt/c/Users/JOBZ/Desktop/Work/GAPrac/EXER/CPP_PRAC/MICRO_PROJECTS/NETWORKING_SERIES/SRC_FS_MERGE/EXT_LIBS/libssh2/bin/CMakeFiles/CMakeTmp/src.c:25:1: warning: control reaches end of non-void function [-Wreturn-type]
 }
 ^
/mnt/c/Users/JOBZ/Desktop/Work/GAPrac/EXER/CPP_PRAC/MICRO_PROJECTS/NETWORKING_SERIES/SRC_FS_MERGE/EXT_LIBS/libssh2/bin/CMakeFiles/CMakeTmp/src.c:24:22: warning: ‘flags’ is used uninitialized in this function [-Wuninitialized]
     int flags = fcntl(socket, F_SETFL, flags | O_NONBLOCK);
                      ^
/mnt/c/Users/JOBZ/Desktop/Work/GAPrac/EXER/CPP_PRAC/MICRO_PROJECTS/NETWORKING_SERIES/SRC_FS_MERGE/EXT_LIBS/libssh2/bin/CMakeFiles/CMakeTmp/src.c:24:9: warning: ‘socket’ is used uninitialized in this function [-Wuninitialized]
     int flags = fcntl(socket, F_SETFL, flags | O_NONBLOCK);
         ^
Linking C executable cmTryCompileExec464243272
/usr/bin/cmake -E cmake_link_script CMakeFiles/cmTryCompileExec464243272.dir/link.txt --verbose=1
/usr/bin/cc  --std=gnu90  -Wall -DHAVE_O_NONBLOCK    CMakeFiles/cmTryCompileExec464243272.dir/src.c.o  -o cmTryCompileExec464243272 -rdynamic -lssl -lcrypto 
make[1]: Leaving directory `/mnt/c/Users/JOBZ/Desktop/Work/GAPrac/EXER/CPP_PRAC/MICRO_PROJECTS/NETWORKING_SERIES/SRC_FS_MERGE/EXT_LIBS/libssh2/bin/CMakeFiles/CMakeTmp'

Source file was:

#include <sys/types.h>
#include <unistd.h>
#include <fcntl.h>

#if defined(sun) || defined(__sun__) || defined(__SUNPRO_C) || defined(__SUNPRO_CC)
# if defined(__SVR4) || defined(__srv4__)
#  define PLATFORM_SOLARIS
# else
#  define PLATFORM_SUNOS4
# endif
#endif
#if (defined(_AIX) || defined(__xlC__)) && !defined(_AIX41)
# define PLATFORM_AIX_V3
#endif

#if defined(PLATFORM_SUNOS4) || defined(PLATFORM_AIX_V3) || defined(__BEOS__)
#error "O_NONBLOCK does not work on this platform"
#endif

int main()
{
    int socket;
    int flags = fcntl(socket, F_SETFL, flags | O_NONBLOCK);
}
Determining if files arpa/inet.h exist passed with the following output:
Change Dir: /mnt/c/Users/JOBZ/Desktop/Work/GAPrac/EXER/CPP_PRAC/MICRO_PROJECTS/NETWORKING_SERIES/SRC_FS_MERGE/EXT_LIBS/libssh2/bin/CMakeFiles/CMakeTmp

Run Build Command:/usr/bin/make "cmTryCompileExec268170225/fast"
/usr/bin/make -f CMakeFiles/cmTryCompileExec268170225.dir/build.make CMakeFiles/cmTryCompileExec268170225.dir/build
make[1]: Entering directory `/mnt/c/Users/JOBZ/Desktop/Work/GAPrac/EXER/CPP_PRAC/MICRO_PROJECTS/NETWORKING_SERIES/SRC_FS_MERGE/EXT_LIBS/libssh2/bin/CMakeFiles/CMakeTmp'
/usr/bin/cmake -E cmake_progress_report /mnt/c/Users/JOBZ/Desktop/Work/GAPrac/EXER/CPP_PRAC/MICRO_PROJECTS/NETWORKING_SERIES/SRC_FS_MERGE/EXT_LIBS/libssh2/bin/CMakeFiles/CMakeTmp/CMakeFiles 1
Building C object CMakeFiles/cmTryCompileExec268170225.dir/CheckIncludeFiles.c.o
/usr/bin/cc   --std=gnu90  -Wall    -o CMakeFiles/cmTryCompileExec268170225.dir/CheckIncludeFiles.c.o   -c /mnt/c/Users/JOBZ/Desktop/Work/GAPrac/EXER/CPP_PRAC/MICRO_PROJECTS/NETWORKING_SERIES/SRC_FS_MERGE/EXT_LIBS/libssh2/bin/CMakeFiles/CMakeTmp/CheckIncludeFiles.c
Linking C executable cmTryCompileExec268170225
/usr/bin/cmake -E cmake_link_script CMakeFiles/cmTryCompileExec268170225.dir/link.txt --verbose=1
/usr/bin/cc  --std=gnu90  -Wall     CMakeFiles/cmTryCompileExec268170225.dir/CheckIncludeFiles.c.o  -o cmTryCompileExec268170225 -rdynamic 
make[1]: Leaving directory `/mnt/c/Users/JOBZ/Desktop/Work/GAPrac/EXER/CPP_PRAC/MICRO_PROJECTS/NETWORKING_SERIES/SRC_FS_MERGE/EXT_LIBS/libssh2/bin/CMakeFiles/CMakeTmp'


Determining if files netinet/in.h exist passed with the following output:
Change Dir: /mnt/c/Users/JOBZ/Desktop/Work/GAPrac/EXER/CPP_PRAC/MICRO_PROJECTS/NETWORKING_SERIES/SRC_FS_MERGE/EXT_LIBS/libssh2/bin/CMakeFiles/CMakeTmp

Run Build Command:/usr/bin/make "cmTryCompileExec778338094/fast"
/usr/bin/make -f CMakeFiles/cmTryCompileExec778338094.dir/build.make CMakeFiles/cmTryCompileExec778338094.dir/build
make[1]: Entering directory `/mnt/c/Users/JOBZ/Desktop/Work/GAPrac/EXER/CPP_PRAC/MICRO_PROJECTS/NETWORKING_SERIES/SRC_FS_MERGE/EXT_LIBS/libssh2/bin/CMakeFiles/CMakeTmp'
/usr/bin/cmake -E cmake_progress_report /mnt/c/Users/JOBZ/Desktop/Work/GAPrac/EXER/CPP_PRAC/MICRO_PROJECTS/NETWORKING_SERIES/SRC_FS_MERGE/EXT_LIBS/libssh2/bin/CMakeFiles/CMakeTmp/CMakeFiles 1
Building C object CMakeFiles/cmTryCompileExec778338094.dir/CheckIncludeFiles.c.o
/usr/bin/cc   --std=gnu90  -Wall    -o CMakeFiles/cmTryCompileExec778338094.dir/CheckIncludeFiles.c.o   -c /mnt/c/Users/JOBZ/Desktop/Work/GAPrac/EXER/CPP_PRAC/MICRO_PROJECTS/NETWORKING_SERIES/SRC_FS_MERGE/EXT_LIBS/libssh2/bin/CMakeFiles/CMakeTmp/CheckIncludeFiles.c
Linking C executable cmTryCompileExec778338094
/usr/bin/cmake -E cmake_link_script CMakeFiles/cmTryCompileExec778338094.dir/link.txt --verbose=1
/usr/bin/cc  --std=gnu90  -Wall     CMakeFiles/cmTryCompileExec778338094.dir/CheckIncludeFiles.c.o  -o cmTryCompileExec778338094 -rdynamic 
make[1]: Leaving directory `/mnt/c/Users/JOBZ/Desktop/Work/GAPrac/EXER/CPP_PRAC/MICRO_PROJECTS/NETWORKING_SERIES/SRC_FS_MERGE/EXT_LIBS/libssh2/bin/CMakeFiles/CMakeTmp'


Determining if the strcasecmp exist passed with the following output:
Change Dir: /mnt/c/Users/JOBZ/Desktop/Work/GAPrac/EXER/CPP_PRAC/MICRO_PROJECTS/NETWORKING_SERIES/SRC_FS_MERGE/EXT_LIBS/libssh2/bin/CMakeFiles/CMakeTmp

Run Build Command:/usr/bin/make "cmTryCompileExec1105521778/fast"
/usr/bin/make -f CMakeFiles/cmTryCompileExec1105521778.dir/build.make CMakeFiles/cmTryCompileExec1105521778.dir/build
make[1]: Entering directory `/mnt/c/Users/JOBZ/Desktop/Work/GAPrac/EXER/CPP_PRAC/MICRO_PROJECTS/NETWORKING_SERIES/SRC_FS_MERGE/EXT_LIBS/libssh2/bin/CMakeFiles/CMakeTmp'
/usr/bin/cmake -E cmake_progress_report /mnt/c/Users/JOBZ/Desktop/Work/GAPrac/EXER/CPP_PRAC/MICRO_PROJECTS/NETWORKING_SERIES/SRC_FS_MERGE/EXT_LIBS/libssh2/bin/CMakeFiles/CMakeTmp/CMakeFiles 1
Building C object CMakeFiles/cmTryCompileExec1105521778.dir/CheckSymbolExists.c.o
/usr/bin/cc   --std=gnu90  -Wall    -o CMakeFiles/cmTryCompileExec1105521778.dir/CheckSymbolExists.c.o   -c /mnt/c/Users/JOBZ/Desktop/Work/GAPrac/EXER/CPP_PRAC/MICRO_PROJECTS/NETWORKING_SERIES/SRC_FS_MERGE/EXT_LIBS/libssh2/bin/CMakeFiles/CMakeTmp/CheckSymbolExists.c
Linking C executable cmTryCompileExec1105521778
/usr/bin/cmake -E cmake_link_script CMakeFiles/cmTryCompileExec1105521778.dir/link.txt --verbose=1
/usr/bin/cc  --std=gnu90  -Wall     CMakeFiles/cmTryCompileExec1105521778.dir/CheckSymbolExists.c.o  -o cmTryCompileExec1105521778 -rdynamic 
make[1]: Leaving directory `/mnt/c/Users/JOBZ/Desktop/Work/GAPrac/EXER/CPP_PRAC/MICRO_PROJECTS/NETWORKING_SERIES/SRC_FS_MERGE/EXT_LIBS/libssh2/bin/CMakeFiles/CMakeTmp'

File /mnt/c/Users/JOBZ/Desktop/Work/GAPrac/EXER/CPP_PRAC/MICRO_PROJECTS/NETWORKING_SERIES/SRC_FS_MERGE/EXT_LIBS/libssh2/bin/CMakeFiles/CMakeTmp/CheckSymbolExists.c:
/* */
#include <strings.h>

int main(int argc, char** argv)
{
  (void)argv;
#ifndef strcasecmp
  return ((int*)(&strcasecmp))[argc];
#else
  (void)argc;
  return 0;
#endif
}

Determining if the __func__ exist passed with the following output:
Change Dir: /mnt/c/Users/JOBZ/Desktop/Work/GAPrac/EXER/CPP_PRAC/MICRO_PROJECTS/NETWORKING_SERIES/SRC_FS_MERGE/EXT_LIBS/libssh2/bin/CMakeFiles/CMakeTmp

Run Build Command:/usr/bin/make "cmTryCompileExec1978394879/fast"
/usr/bin/make -f CMakeFiles/cmTryCompileExec1978394879.dir/build.make CMakeFiles/cmTryCompileExec1978394879.dir/build
make[1]: Entering directory `/mnt/c/Users/JOBZ/Desktop/Work/GAPrac/EXER/CPP_PRAC/MICRO_PROJECTS/NETWORKING_SERIES/SRC_FS_MERGE/EXT_LIBS/libssh2/bin/CMakeFiles/CMakeTmp'
/usr/bin/cmake -E cmake_progress_report /mnt/c/Users/JOBZ/Desktop/Work/GAPrac/EXER/CPP_PRAC/MICRO_PROJECTS/NETWORKING_SERIES/SRC_FS_MERGE/EXT_LIBS/libssh2/bin/CMakeFiles/CMakeTmp/CMakeFiles 1
Building C object CMakeFiles/cmTryCompileExec1978394879.dir/CheckSymbolExists.c.o
/usr/bin/cc   --std=gnu90  -Wall    -o CMakeFiles/cmTryCompileExec1978394879.dir/CheckSymbolExists.c.o   -c /mnt/c/Users/JOBZ/Desktop/Work/GAPrac/EXER/CPP_PRAC/MICRO_PROJECTS/NETWORKING_SERIES/SRC_FS_MERGE/EXT_LIBS/libssh2/bin/CMakeFiles/CMakeTmp/CheckSymbolExists.c
Linking C executable cmTryCompileExec1978394879
/usr/bin/cmake -E cmake_link_script CMakeFiles/cmTryCompileExec1978394879.dir/link.txt --verbose=1
/usr/bin/cc  --std=gnu90  -Wall     CMakeFiles/cmTryCompileExec1978394879.dir/CheckSymbolExists.c.o  -o cmTryCompileExec1978394879 -rdynamic 
make[1]: Leaving directory `/mnt/c/Users/JOBZ/Desktop/Work/GAPrac/EXER/CPP_PRAC/MICRO_PROJECTS/NETWORKING_SERIES/SRC_FS_MERGE/EXT_LIBS/libssh2/bin/CMakeFiles/CMakeTmp'

File /mnt/c/Users/JOBZ/Desktop/Work/GAPrac/EXER/CPP_PRAC/MICRO_PROJECTS/NETWORKING_SERIES/SRC_FS_MERGE/EXT_LIBS/libssh2/bin/CMakeFiles/CMakeTmp/CheckSymbolExists.c:
/* */

int main(int argc, char** argv)
{
  (void)argv;
#ifndef __func__
  return ((int*)(&__func__))[argc];
#else
  (void)argc;
  return 0;
#endif
}

Determining if the __FUNCTION__ exist passed with the following output:
Change Dir: /mnt/c/Users/JOBZ/Desktop/Work/GAPrac/EXER/CPP_PRAC/MICRO_PROJECTS/NETWORKING_SERIES/SRC_FS_MERGE/EXT_LIBS/libssh2/bin/CMakeFiles/CMakeTmp

Run Build Command:/usr/bin/make "cmTryCompileExec2763841580/fast"
/usr/bin/make -f CMakeFiles/cmTryCompileExec2763841580.dir/build.make CMakeFiles/cmTryCompileExec2763841580.dir/build
make[1]: Entering directory `/mnt/c/Users/JOBZ/Desktop/Work/GAPrac/EXER/CPP_PRAC/MICRO_PROJECTS/NETWORKING_SERIES/SRC_FS_MERGE/EXT_LIBS/libssh2/bin/CMakeFiles/CMakeTmp'
/usr/bin/cmake -E cmake_progress_report /mnt/c/Users/JOBZ/Desktop/Work/GAPrac/EXER/CPP_PRAC/MICRO_PROJECTS/NETWORKING_SERIES/SRC_FS_MERGE/EXT_LIBS/libssh2/bin/CMakeFiles/CMakeTmp/CMakeFiles 1
Building C object CMakeFiles/cmTryCompileExec2763841580.dir/CheckSymbolExists.c.o
/usr/bin/cc   --std=gnu90  -Wall    -o CMakeFiles/cmTryCompileExec2763841580.dir/CheckSymbolExists.c.o   -c /mnt/c/Users/JOBZ/Desktop/Work/GAPrac/EXER/CPP_PRAC/MICRO_PROJECTS/NETWORKING_SERIES/SRC_FS_MERGE/EXT_LIBS/libssh2/bin/CMakeFiles/CMakeTmp/CheckSymbolExists.c
Linking C executable cmTryCompileExec2763841580
/usr/bin/cmake -E cmake_link_script CMakeFiles/cmTryCompileExec2763841580.dir/link.txt --verbose=1
/usr/bin/cc  --std=gnu90  -Wall     CMakeFiles/cmTryCompileExec2763841580.dir/CheckSymbolExists.c.o  -o cmTryCompileExec2763841580 -rdynamic 
make[1]: Leaving directory `/mnt/c/Users/JOBZ/Desktop/Work/GAPrac/EXER/CPP_PRAC/MICRO_PROJECTS/NETWORKING_SERIES/SRC_FS_MERGE/EXT_LIBS/libssh2/bin/CMakeFiles/CMakeTmp'

File /mnt/c/Users/JOBZ/Desktop/Work/GAPrac/EXER/CPP_PRAC/MICRO_PROJECTS/NETWORKING_SERIES/SRC_FS_MERGE/EXT_LIBS/libssh2/bin/CMakeFiles/CMakeTmp/CheckSymbolExists.c:
/* */

int main(int argc, char** argv)
{
  (void)argv;
#ifndef __FUNCTION__
  return ((int*)(&__FUNCTION__))[argc];
#else
  (void)argc;
  return 0;
#endif
}

